\BOOKMARK [-1][-]{part.5}{V Further Topics in Linear Algebra}{}% 1
\BOOKMARK [0][-]{chapter.1}{Complex Functions and Transformations}{part.5}% 2
\BOOKMARK [1][-]{section.1.1}{Introduction}{chapter.1}% 3
\BOOKMARK [1][-]{section.1.2}{Complex Functions}{chapter.1}% 4
\BOOKMARK [2][-]{subsection.1.2.1}{Cartesian and Polar Representations}{section.1.2}% 5
\BOOKMARK [2][-]{subsection.1.2.2}{Complex Valued Functions}{section.1.2}% 6
\BOOKMARK [0][-]{chapter.2}{Hilbert Spaces}{part.5}% 7
\BOOKMARK [1][-]{section.2.1}{Introduction}{chapter.2}% 8
\BOOKMARK [2][-]{subsection.2.1.1}{Infinite Dimensions}{section.2.1}% 9
\BOOKMARK [1][-]{section.2.2}{Inner Products}{chapter.2}% 10
\BOOKMARK [0][-]{chapter.3}{Linear Operators}{part.5}% 11
\BOOKMARK [0][-]{chapter.4}{Fourier Theory}{part.5}% 12
\BOOKMARK [-1][-]{part.6}{VI Calculus in Higher Dimensions}{}% 13
\BOOKMARK [0][-]{chapter.5}{Curves and Fields}{part.6}% 14
\BOOKMARK [1][-]{section.5.1}{Overview of multivariate functions}{chapter.5}% 15
\BOOKMARK [0][-]{chapter.6}{Differential and Integration Operators}{part.6}% 16
\BOOKMARK [0][-]{chapter.7}{Coordinate Systems and Parameterization}{part.6}% 17
\BOOKMARK [-1][-]{part.7}{VII Partial Differential Equations}{}% 18
\BOOKMARK [0][-]{chapter.8}{Modelling}{part.7}% 19
\BOOKMARK [0][-]{chapter.9}{Separation of Variables}{part.7}% 20
\BOOKMARK [0][-]{chapter.10}{Fourier Transforms and Harmonics}{part.7}% 21
