\BOOKMARK [1][-]{section.1}{Introduction}{}% 1
\BOOKMARK [1][-]{section.2}{Preliminaries}{}% 2
\BOOKMARK [2][-]{subsection.2.1}{Clifford Algebras and Analysis}{section.2}% 3
\BOOKMARK [3][-]{subsubsection.2.1.1}{Clifford Algebras, Multivectors, and Rotors}{subsection.2.1}% 4
\BOOKMARK [3][-]{subsubsection.2.1.2}{Clifford Analysis}{subsection.2.1}% 5
\BOOKMARK [3][-]{subsubsection.2.1.3}{de Rham \(Co\)homology}{subsection.2.1}% 6
\BOOKMARK [2][-]{subsection.2.2}{Electromagnetism}{section.2}% 7
\BOOKMARK [3][-]{subsubsection.2.2.1}{Conservation of Charge}{subsection.2.2}% 8
\BOOKMARK [3][-]{subsubsection.2.2.2}{Magnetic flux conservation}{subsection.2.2}% 9
\BOOKMARK [3][-]{subsubsection.2.2.3}{Lorentz force}{subsection.2.2}% 10
\BOOKMARK [3][-]{subsubsection.2.2.4}{Constitutive Law and Maxwell's Equations}{subsection.2.2}% 11
\BOOKMARK [2][-]{subsection.2.3}{Boltzmann Equation}{section.2}% 12
\BOOKMARK [2][-]{subsection.2.4}{Vlasov Equation}{section.2}% 13
\BOOKMARK [1][-]{section.3}{Spinor Equations of Fluid Plasmas}{}% 14
\BOOKMARK [2][-]{subsection.3.1}{The group A\(V\)}{section.3}% 15
\BOOKMARK [2][-]{subsection.3.2}{Relativistic motion of a massive charged particle}{section.3}% 16
\BOOKMARK [3][-]{subsubsection.3.2.1}{The 4-Momentum, 4-Current, and 4-Velocity Field Decomposition}{subsection.3.2}% 17
\BOOKMARK [3][-]{subsubsection.3.2.2}{Configuration space of a massive charged particle}{subsection.3.2}% 18
\BOOKMARK [3][-]{subsubsection.3.2.3}{Lie Algebras of Bivectors and Spacetime Rotors}{subsection.3.2}% 19
\BOOKMARK [3][-]{subsubsection.3.2.4}{Rotor equations and trajectory for a single particle in a constant field}{subsection.3.2}% 20
\BOOKMARK [2][-]{subsection.3.3}{Collection of particles}{section.3}% 21
\BOOKMARK [1][-]{section.4}{Conclusion}{}% 22
