\BOOKMARK [-1][-]{part.5}{V Calculus in Higher Dimensions}{}% 1
\BOOKMARK [0][-]{chapter.1}{Curves, scalar fields, and vector fields}{part.5}% 2
\BOOKMARK [1][-]{section.1.1}{Overview of higher dimensional functions}{chapter.1}% 3
\BOOKMARK [1][-]{section.1.2}{Curves in space}{chapter.1}% 4
\BOOKMARK [2][-]{subsection.1.2.1}{Derivatives of Curves}{section.1.2}% 5
\BOOKMARK [2][-]{subsection.1.2.2}{Lengths of Curves}{section.1.2}% 6
\BOOKMARK [1][-]{section.1.3}{Scalar fields}{chapter.1}% 7
\BOOKMARK [2][-]{subsection.1.3.1}{Directional Derivatives}{section.1.3}% 8
\BOOKMARK [1][-]{section.1.4}{Optimization}{chapter.1}% 9
\BOOKMARK [1][-]{section.1.5}{Integrals of Scalar Fields}{chapter.1}% 10
\BOOKMARK [2][-]{subsection.1.5.1}{Line Integrals}{section.1.5}% 11
\BOOKMARK [0][-]{chapter.2}{Vector Fields}{part.5}% 12
\BOOKMARK [1][-]{section.2.1}{Vector Fields}{chapter.2}% 13
\BOOKMARK [1][-]{section.2.2}{Differentiation of Vector fields}{chapter.2}% 14
\BOOKMARK [2][-]{subsection.2.2.1}{Operations with Fields}{section.2.2}% 15
\BOOKMARK [2][-]{subsection.2.2.2}{The Jacobian of a Vector Field}{section.2.2}% 16
\BOOKMARK [2][-]{subsection.2.2.3}{Divergence and Curl}{section.2.2}% 17
\BOOKMARK [1][-]{section.2.3}{Laplace Operator}{chapter.2}% 18
\BOOKMARK [2][-]{subsection.2.3.1}{The Laplacian of a Scalar Field}{section.2.3}% 19
\BOOKMARK [2][-]{subsection.2.3.2}{Vector Laplacian}{section.2.3}% 20
\BOOKMARK [1][-]{section.2.4}{Composite Functions and Chain Rule}{chapter.2}% 21
\BOOKMARK [2][-]{subsection.2.4.1}{Composite Functions}{section.2.4}% 22
\BOOKMARK [1][-]{section.2.5}{Integration of Vector Fields}{chapter.2}% 23
\BOOKMARK [2][-]{subsection.2.5.1}{Line integrals of vector fields}{section.2.5}% 24
\BOOKMARK [1][-]{section.2.6}{Flux and Surface Integrals}{chapter.2}% 25
\BOOKMARK [2][-]{subsection.2.6.1}{Volume Integrals}{section.2.6}% 26
\BOOKMARK [1][-]{section.2.7}{Potential Functions}{chapter.2}% 27
\BOOKMARK [2][-]{subsection.2.7.1}{Integrating the Gradient}{section.2.7}% 28
\BOOKMARK [2][-]{subsection.2.7.2}{Requirements for Potentials}{section.2.7}% 29
\BOOKMARK [2][-]{subsection.2.7.3}{Properties of Fields with Potentials}{section.2.7}% 30
\BOOKMARK [0][-]{chapter.3}{Implicit and Explicit Parameterizations}{part.5}% 31
\BOOKMARK [1][-]{section.3.1}{Implicit surfaces}{chapter.3}% 32
\BOOKMARK [2][-]{subsection.3.1.1}{Normal Vectors to Implicit Surfaces}{section.3.1}% 33
\BOOKMARK [2][-]{subsection.3.1.2}{Implicit Function Theorem}{section.3.1}% 34
\BOOKMARK [1][-]{section.3.2}{Surfaces as Graphs}{chapter.3}% 35
\BOOKMARK [2][-]{subsection.3.2.1}{Equation for a Plane}{section.3.2}% 36
\BOOKMARK [2][-]{subsection.3.2.2}{Tangent Planes and Surface Normals}{section.3.2}% 37
\BOOKMARK [1][-]{section.3.3}{Area Form and Integration}{chapter.3}% 38
\BOOKMARK [0][-]{chapter.4}{Coordinate systems}{part.5}% 39
\BOOKMARK [1][-]{section.4.1}{Cylindrical Coordinates}{chapter.4}% 40
\BOOKMARK [2][-]{subsection.4.1.1}{Functions and Calculus in Cylindrical Coordinates}{section.4.1}% 41
\BOOKMARK [2][-]{subsection.4.1.2}{Cylindrical Unit Vector Fields}{section.4.1}% 42
\BOOKMARK [2][-]{subsection.4.1.3}{Integration in Cylindrical Coordinates}{section.4.1}% 43
\BOOKMARK [2][-]{subsection.4.1.4}{Derivatives in Cylindrical Coordinates}{section.4.1}% 44
\BOOKMARK [1][-]{section.4.2}{Spherical Coordinates}{chapter.4}% 45
\BOOKMARK [2][-]{subsection.4.2.1}{Integration in Spherical Coordinates}{section.4.2}% 46
\BOOKMARK [-1][-]{part.6}{VI Partial Differential Equations}{}% 47
\BOOKMARK [0][-]{chapter.5}{Modeling}{part.6}% 48
\BOOKMARK [0][-]{chapter.6}{Systems of ODE}{part.6}% 49
\BOOKMARK [1][-]{section.6.1}{Qualitative Analysis}{chapter.6}% 50
\BOOKMARK [1][-]{section.6.2}{Linearity}{chapter.6}% 51
\BOOKMARK [1][-]{section.6.3}{Higher Order ODE}{chapter.6}% 52
\BOOKMARK [1][-]{section.6.4}{Linear Systems}{chapter.6}% 53
\BOOKMARK [1][-]{section.6.5}{Linearization}{chapter.6}% 54
\BOOKMARK [1][-]{section.6.6}{General Solutions to Second Order Linear Equations}{chapter.6}% 55
\BOOKMARK [1][-]{section.6.7}{Examples of PDE}{chapter.6}% 56
\BOOKMARK [1][-]{section.6.8}{The Problem Statement}{chapter.6}% 57
\BOOKMARK [1][-]{section.6.9}{The Heat Equation}{chapter.6}% 58
\BOOKMARK [1][-]{section.6.10}{The Laplace Equation}{chapter.6}% 59
\BOOKMARK [1][-]{section.6.11}{The Wave Equation}{chapter.6}% 60
\BOOKMARK [0][-]{chapter.7}{Separation of Variables}{part.6}% 61
\BOOKMARK [-1][-]{part.7}{VII Further Topics in Linear Algebra}{}% 62
\BOOKMARK [0][-]{chapter.8}{Complex Functions and Transformations}{part.7}% 63
\BOOKMARK [1][-]{section.8.1}{Introduction}{chapter.8}% 64
\BOOKMARK [1][-]{section.8.2}{Complex Functions}{chapter.8}% 65
\BOOKMARK [2][-]{subsection.8.2.1}{Cartesian and Polar Representations}{section.8.2}% 66
\BOOKMARK [2][-]{subsection.8.2.2}{Complex Valued Functions}{section.8.2}% 67
\BOOKMARK [0][-]{chapter.9}{Hilbert Spaces}{part.7}% 68
\BOOKMARK [1][-]{section.9.1}{Introduction}{chapter.9}% 69
\BOOKMARK [2][-]{subsection.9.1.1}{Infinite Dimensions}{section.9.1}% 70
\BOOKMARK [1][-]{section.9.2}{Function Spaces}{chapter.9}% 71
\BOOKMARK [1][-]{section.9.3}{Inner Products and Norms}{chapter.9}% 72
\BOOKMARK [2][-]{subsection.9.3.1}{Norms}{section.9.3}% 73
\BOOKMARK [1][-]{section.9.4}{Inner Product Spaces}{chapter.9}% 74
\BOOKMARK [1][-]{section.9.5}{Symmetries}{chapter.9}% 75
\BOOKMARK [1][-]{section.9.6}{Bases}{chapter.9}% 76
\BOOKMARK [2][-]{subsection.9.6.1}{Orthonormal Bases}{section.9.6}% 77
\BOOKMARK [2][-]{subsection.9.6.2}{Series and Integrals as Linear Combinations}{section.9.6}% 78
\BOOKMARK [2][-]{subsection.9.6.3}{Projection}{section.9.6}% 79
\BOOKMARK [0][-]{chapter.10}{Linear Operators}{part.7}% 80
\BOOKMARK [1][-]{section.10.1}{Matrices}{chapter.10}% 81
\BOOKMARK [1][-]{section.10.2}{Linear Operators}{chapter.10}% 82
\BOOKMARK [2][-]{subsection.10.2.1}{Adjoints}{section.10.2}% 83
\BOOKMARK [2][-]{subsection.10.2.2}{Hermitian Operators}{section.10.2}% 84
\BOOKMARK [1][-]{section.10.3}{Differential and Integral Operators}{chapter.10}% 85
\BOOKMARK [2][-]{subsection.10.3.1}{Integral Operators}{section.10.3}% 86
\BOOKMARK [1][-]{section.10.4}{Spectra}{chapter.10}% 87
\BOOKMARK [0][-]{chapter.11}{Fourier Theory}{part.7}% 88
\BOOKMARK [1][-]{section.11.1}{Fourier Series}{chapter.11}% 89
\BOOKMARK [2][-]{subsection.11.1.1}{Solving Equations}{section.11.1}% 90
\BOOKMARK [1][-]{section.11.2}{Fourier Transform}{chapter.11}% 91
\BOOKMARK [2][-]{subsection.11.2.1}{Fourier Transform Operator}{section.11.2}% 92
\BOOKMARK [1][-]{section.11.3}{The Dirac Delta Function}{chapter.11}% 93
\BOOKMARK [1][-]{section.11.4}{Computing Fourier Transforms}{chapter.11}% 94
\BOOKMARK [1][-]{section.11.5}{The Inverse Fourier Transform}{chapter.11}% 95
\BOOKMARK [1][-]{section.11.6}{Solving Differential Equations}{chapter.11}% 96
