This is pdfTeX, Version 3.14159265-2.6-1.40.21 (MiKTeX 2.9.7300 64-bit) (preloaded format=pdflatex 2020.3.21)  19 AUG 2020 20:23
entering extended mode
**./main.tex
(main.tex
LaTeX2e <2020-02-02> patch level 2
L3 programming layer <2020-02-14>
("C:\Users\Colin\AppData\Local\Programs\MiKTeX 2.9\tex/latex/base\book.cls"
Document Class: book 2019/12/20 v1.4l Standard LaTeX document class
("C:\Users\Colin\AppData\Local\Programs\MiKTeX 2.9\tex/latex/base\bk12.clo"
File: bk12.clo 2019/12/20 v1.4l Standard LaTeX file (size option)
)
\c@part=\count167
\c@chapter=\count168
\c@section=\count169
\c@subsection=\count170
\c@subsubsection=\count171
\c@paragraph=\count172
\c@subparagraph=\count173
\c@figure=\count174
\c@table=\count175
\abovecaptionskip=\skip47
\belowcaptionskip=\skip48
\bibindent=\dimen134
)
("C:\Users\Colin\AppData\Local\Programs\MiKTeX 2.9\tex/latex/geometry\geometry.
sty"
Package: geometry 2020/01/02 v5.9 Page Geometry

("C:\Users\Colin\AppData\Local\Programs\MiKTeX 2.9\tex/latex/graphics\keyval.st
y"
Package: keyval 2014/10/28 v1.15 key=value parser (DPC)
\KV@toks@=\toks14
)
("C:\Users\Colin\AppData\Local\Programs\MiKTeX 2.9\tex/generic/iftex\ifvtex.sty
"
Package: ifvtex 2019/10/25 v1.7 ifvtex legacy package. Use iftex instead.
 ("C:\Users\Colin\AppData\Local\Programs\MiKTeX 2.9\tex/generic/iftex\iftex.sty
"
Package: iftex 2019/11/07 v1.0c TeX engine tests
))
\Gm@cnth=\count176
\Gm@cntv=\count177
\c@Gm@tempcnt=\count178
\Gm@bindingoffset=\dimen135
\Gm@wd@mp=\dimen136
\Gm@odd@mp=\dimen137
\Gm@even@mp=\dimen138
\Gm@layoutwidth=\dimen139
\Gm@layoutheight=\dimen140
\Gm@layouthoffset=\dimen141
\Gm@layoutvoffset=\dimen142
\Gm@dimlist=\toks15

("C:\Users\Colin\AppData\Local\Programs\MiKTeX 2.9\tex/latex/geometry\geometry.
cfg"))
("C:\Users\Colin\AppData\Local\Programs\MiKTeX 2.9\tex/latex/import\import.sty"
Package: import 2020/01/22  v 6.0
) (design.sty
Package: design 

("C:\Users\Colin\AppData\Local\Programs\MiKTeX 2.9\tex/latex/tcolorbox\tcolorbo
x.sty"
Package: tcolorbox 2019/11/15 version 4.22 text color boxes

("C:\Users\Colin\AppData\Local\Programs\MiKTeX 2.9\tex/latex/pgf/basiclayer\pgf
.sty"
("C:\Users\Colin\AppData\Local\Programs\MiKTeX 2.9\tex/latex/pgf/utilities\pgfr
cs.sty"
("C:\Users\Colin\AppData\Local\Programs\MiKTeX 2.9\tex/generic/pgf/utilities\pg
futil-common.tex"
\pgfutil@everybye=\toks16
\pgfutil@tempdima=\dimen143
\pgfutil@tempdimb=\dimen144

("C:\Users\Colin\AppData\Local\Programs\MiKTeX 2.9\tex/generic/pgf/utilities\pg
futil-common-lists.tex"))
("C:\Users\Colin\AppData\Local\Programs\MiKTeX 2.9\tex/generic/pgf/utilities\pg
futil-latex.def"
\pgfutil@abb=\box45

("C:\Users\Colin\AppData\Local\Programs\MiKTeX 2.9\tex/latex/ms\everyshi.sty"
Package: everyshi 2001/05/15 v3.00 EveryShipout Package (MS)
))
("C:\Users\Colin\AppData\Local\Programs\MiKTeX 2.9\tex/generic/pgf/utilities\pg
frcs.code.tex"
("C:\Users\Colin\AppData\Local\Programs\MiKTeX 2.9\tex/generic/pgf\pgf.revision
.tex")
Package: pgfrcs 2020/01/08 v3.1.5b (3.1.5b)
))
Package: pgf 2020/01/08 v3.1.5b (3.1.5b)

("C:\Users\Colin\AppData\Local\Programs\MiKTeX 2.9\tex/latex/pgf/basiclayer\pgf
core.sty"
("C:\Users\Colin\AppData\Local\Programs\MiKTeX 2.9\tex/latex/graphics\graphicx.
sty"
Package: graphicx 2019/11/30 v1.2a Enhanced LaTeX Graphics (DPC,SPQR)

("C:\Users\Colin\AppData\Local\Programs\MiKTeX 2.9\tex/latex/graphics\graphics.
sty"
Package: graphics 2019/11/30 v1.4a Standard LaTeX Graphics (DPC,SPQR)

("C:\Users\Colin\AppData\Local\Programs\MiKTeX 2.9\tex/latex/graphics\trig.sty"
Package: trig 2016/01/03 v1.10 sin cos tan (DPC)
)
("C:\Users\Colin\AppData\Local\Programs\MiKTeX 2.9\tex/latex/graphics-cfg\graph
ics.cfg"
File: graphics.cfg 2016/06/04 v1.11 sample graphics configuration
)
Package graphics Info: Driver file: pdftex.def on input line 105.

("C:\Users\Colin\AppData\Local\Programs\MiKTeX 2.9\tex/latex/graphics-def\pdfte
x.def"
File: pdftex.def 2018/01/08 v1.0l Graphics/color driver for pdftex
))
\Gin@req@height=\dimen145
\Gin@req@width=\dimen146
)
("C:\Users\Colin\AppData\Local\Programs\MiKTeX 2.9\tex/latex/pgf/systemlayer\pg
fsys.sty"
("C:\Users\Colin\AppData\Local\Programs\MiKTeX 2.9\tex/generic/pgf/systemlayer\
pgfsys.code.tex"
Package: pgfsys 2020/01/08 v3.1.5b (3.1.5b)

("C:\Users\Colin\AppData\Local\Programs\MiKTeX 2.9\tex/generic/pgf/utilities\pg
fkeys.code.tex"
\pgfkeys@pathtoks=\toks17
\pgfkeys@temptoks=\toks18

("C:\Users\Colin\AppData\Local\Programs\MiKTeX 2.9\tex/generic/pgf/utilities\pg
fkeysfiltered.code.tex"
\pgfkeys@tmptoks=\toks19
))
\pgf@x=\dimen147
\pgf@y=\dimen148
\pgf@xa=\dimen149
\pgf@ya=\dimen150
\pgf@xb=\dimen151
\pgf@yb=\dimen152
\pgf@xc=\dimen153
\pgf@yc=\dimen154
\pgf@xd=\dimen155
\pgf@yd=\dimen156
\w@pgf@writea=\write3
\r@pgf@reada=\read2
\c@pgf@counta=\count179
\c@pgf@countb=\count180
\c@pgf@countc=\count181
\c@pgf@countd=\count182
\t@pgf@toka=\toks20
\t@pgf@tokb=\toks21
\t@pgf@tokc=\toks22
\pgf@sys@id@count=\count183

("C:\Users\Colin\AppData\Local\Programs\MiKTeX 2.9\tex/generic/pgf/systemlayer\
pgf.cfg"
File: pgf.cfg 2020/01/08 v3.1.5b (3.1.5b)
)
Driver file for pgf: pgfsys-pdftex.def

("C:\Users\Colin\AppData\Local\Programs\MiKTeX 2.9\tex/generic/pgf/systemlayer\
pgfsys-pdftex.def"
File: pgfsys-pdftex.def 2020/01/08 v3.1.5b (3.1.5b)

("C:\Users\Colin\AppData\Local\Programs\MiKTeX 2.9\tex/generic/pgf/systemlayer\
pgfsys-common-pdf.def"
File: pgfsys-common-pdf.def 2020/01/08 v3.1.5b (3.1.5b)
)))
("C:\Users\Colin\AppData\Local\Programs\MiKTeX 2.9\tex/generic/pgf/systemlayer\
pgfsyssoftpath.code.tex"
File: pgfsyssoftpath.code.tex 2020/01/08 v3.1.5b (3.1.5b)
\pgfsyssoftpath@smallbuffer@items=\count184
\pgfsyssoftpath@bigbuffer@items=\count185
)
("C:\Users\Colin\AppData\Local\Programs\MiKTeX 2.9\tex/generic/pgf/systemlayer\
pgfsysprotocol.code.tex"
File: pgfsysprotocol.code.tex 2020/01/08 v3.1.5b (3.1.5b)
))
("C:\Users\Colin\AppData\Local\Programs\MiKTeX 2.9\tex/latex/xcolor\xcolor.sty"
Package: xcolor 2016/05/11 v2.12 LaTeX color extensions (UK)

("C:\Users\Colin\AppData\Local\Programs\MiKTeX 2.9\tex/latex/graphics-cfg\color
.cfg"
File: color.cfg 2016/01/02 v1.6 sample color configuration
)
Package xcolor Info: Driver file: pdftex.def on input line 225.
Package xcolor Info: Model `cmy' substituted by `cmy0' on input line 1348.
Package xcolor Info: Model `hsb' substituted by `rgb' on input line 1352.
Package xcolor Info: Model `RGB' extended on input line 1364.
Package xcolor Info: Model `HTML' substituted by `rgb' on input line 1366.
Package xcolor Info: Model `Hsb' substituted by `hsb' on input line 1367.
Package xcolor Info: Model `tHsb' substituted by `hsb' on input line 1368.
Package xcolor Info: Model `HSB' substituted by `hsb' on input line 1369.
Package xcolor Info: Model `Gray' substituted by `gray' on input line 1370.
Package xcolor Info: Model `wave' substituted by `hsb' on input line 1371.
)
("C:\Users\Colin\AppData\Local\Programs\MiKTeX 2.9\tex/generic/pgf/basiclayer\p
gfcore.code.tex"
Package: pgfcore 2020/01/08 v3.1.5b (3.1.5b)

("C:\Users\Colin\AppData\Local\Programs\MiKTeX 2.9\tex/generic/pgf/math\pgfmath
.code.tex"
("C:\Users\Colin\AppData\Local\Programs\MiKTeX 2.9\tex/generic/pgf/math\pgfmath
calc.code.tex"
("C:\Users\Colin\AppData\Local\Programs\MiKTeX 2.9\tex/generic/pgf/math\pgfmath
util.code.tex")
("C:\Users\Colin\AppData\Local\Programs\MiKTeX 2.9\tex/generic/pgf/math\pgfmath
parser.code.tex"
\pgfmath@dimen=\dimen157
\pgfmath@count=\count186
\pgfmath@box=\box46
\pgfmath@toks=\toks23
\pgfmath@stack@operand=\toks24
\pgfmath@stack@operation=\toks25
)
("C:\Users\Colin\AppData\Local\Programs\MiKTeX 2.9\tex/generic/pgf/math\pgfmath
functions.code.tex"
("C:\Users\Colin\AppData\Local\Programs\MiKTeX 2.9\tex/generic/pgf/math\pgfmath
functions.basic.code.tex")
("C:\Users\Colin\AppData\Local\Programs\MiKTeX 2.9\tex/generic/pgf/math\pgfmath
functions.trigonometric.code.tex")
("C:\Users\Colin\AppData\Local\Programs\MiKTeX 2.9\tex/generic/pgf/math\pgfmath
functions.random.code.tex")
("C:\Users\Colin\AppData\Local\Programs\MiKTeX 2.9\tex/generic/pgf/math\pgfmath
functions.comparison.code.tex")
("C:\Users\Colin\AppData\Local\Programs\MiKTeX 2.9\tex/generic/pgf/math\pgfmath
functions.base.code.tex")
("C:\Users\Colin\AppData\Local\Programs\MiKTeX 2.9\tex/generic/pgf/math\pgfmath
functions.round.code.tex")
("C:\Users\Colin\AppData\Local\Programs\MiKTeX 2.9\tex/generic/pgf/math\pgfmath
functions.misc.code.tex")
("C:\Users\Colin\AppData\Local\Programs\MiKTeX 2.9\tex/generic/pgf/math\pgfmath
functions.integerarithmetics.code.tex")))
("C:\Users\Colin\AppData\Local\Programs\MiKTeX 2.9\tex/generic/pgf/math\pgfmath
float.code.tex"
\c@pgfmathroundto@lastzeros=\count187
))
("C:\Users\Colin\AppData\Local\Programs\MiKTeX 2.9\tex/generic/pgf/math\pgfint.
code.tex")
("C:\Users\Colin\AppData\Local\Programs\MiKTeX 2.9\tex/generic/pgf/basiclayer\p
gfcorepoints.code.tex"
File: pgfcorepoints.code.tex 2020/01/08 v3.1.5b (3.1.5b)
\pgf@picminx=\dimen158
\pgf@picmaxx=\dimen159
\pgf@picminy=\dimen160
\pgf@picmaxy=\dimen161
\pgf@pathminx=\dimen162
\pgf@pathmaxx=\dimen163
\pgf@pathminy=\dimen164
\pgf@pathmaxy=\dimen165
\pgf@xx=\dimen166
\pgf@xy=\dimen167
\pgf@yx=\dimen168
\pgf@yy=\dimen169
\pgf@zx=\dimen170
\pgf@zy=\dimen171
)
("C:\Users\Colin\AppData\Local\Programs\MiKTeX 2.9\tex/generic/pgf/basiclayer\p
gfcorepathconstruct.code.tex"
File: pgfcorepathconstruct.code.tex 2020/01/08 v3.1.5b (3.1.5b)
\pgf@path@lastx=\dimen172
\pgf@path@lasty=\dimen173
)
("C:\Users\Colin\AppData\Local\Programs\MiKTeX 2.9\tex/generic/pgf/basiclayer\p
gfcorepathusage.code.tex"
File: pgfcorepathusage.code.tex 2020/01/08 v3.1.5b (3.1.5b)
\pgf@shorten@end@additional=\dimen174
\pgf@shorten@start@additional=\dimen175
)
("C:\Users\Colin\AppData\Local\Programs\MiKTeX 2.9\tex/generic/pgf/basiclayer\p
gfcorescopes.code.tex"
File: pgfcorescopes.code.tex 2020/01/08 v3.1.5b (3.1.5b)
\pgfpic=\box47
\pgf@hbox=\box48
\pgf@layerbox@main=\box49
\pgf@picture@serial@count=\count188
)
("C:\Users\Colin\AppData\Local\Programs\MiKTeX 2.9\tex/generic/pgf/basiclayer\p
gfcoregraphicstate.code.tex"
File: pgfcoregraphicstate.code.tex 2020/01/08 v3.1.5b (3.1.5b)
\pgflinewidth=\dimen176
)
("C:\Users\Colin\AppData\Local\Programs\MiKTeX 2.9\tex/generic/pgf/basiclayer\p
gfcoretransformations.code.tex"
File: pgfcoretransformations.code.tex 2020/01/08 v3.1.5b (3.1.5b)
\pgf@pt@x=\dimen177
\pgf@pt@y=\dimen178
\pgf@pt@temp=\dimen179
)
("C:\Users\Colin\AppData\Local\Programs\MiKTeX 2.9\tex/generic/pgf/basiclayer\p
gfcorequick.code.tex"
File: pgfcorequick.code.tex 2020/01/08 v3.1.5b (3.1.5b)
)
("C:\Users\Colin\AppData\Local\Programs\MiKTeX 2.9\tex/generic/pgf/basiclayer\p
gfcoreobjects.code.tex"
File: pgfcoreobjects.code.tex 2020/01/08 v3.1.5b (3.1.5b)
)
("C:\Users\Colin\AppData\Local\Programs\MiKTeX 2.9\tex/generic/pgf/basiclayer\p
gfcorepathprocessing.code.tex"
File: pgfcorepathprocessing.code.tex 2020/01/08 v3.1.5b (3.1.5b)
)
("C:\Users\Colin\AppData\Local\Programs\MiKTeX 2.9\tex/generic/pgf/basiclayer\p
gfcorearrows.code.tex"
File: pgfcorearrows.code.tex 2020/01/08 v3.1.5b (3.1.5b)
\pgfarrowsep=\dimen180
)
("C:\Users\Colin\AppData\Local\Programs\MiKTeX 2.9\tex/generic/pgf/basiclayer\p
gfcoreshade.code.tex"
File: pgfcoreshade.code.tex 2020/01/08 v3.1.5b (3.1.5b)
\pgf@max=\dimen181
\pgf@sys@shading@range@num=\count189
\pgf@shadingcount=\count190
)
("C:\Users\Colin\AppData\Local\Programs\MiKTeX 2.9\tex/generic/pgf/basiclayer\p
gfcoreimage.code.tex"
File: pgfcoreimage.code.tex 2020/01/08 v3.1.5b (3.1.5b)

("C:\Users\Colin\AppData\Local\Programs\MiKTeX 2.9\tex/generic/pgf/basiclayer\p
gfcoreexternal.code.tex"
File: pgfcoreexternal.code.tex 2020/01/08 v3.1.5b (3.1.5b)
\pgfexternal@startupbox=\box50
))
("C:\Users\Colin\AppData\Local\Programs\MiKTeX 2.9\tex/generic/pgf/basiclayer\p
gfcorelayers.code.tex"
File: pgfcorelayers.code.tex 2020/01/08 v3.1.5b (3.1.5b)
)
("C:\Users\Colin\AppData\Local\Programs\MiKTeX 2.9\tex/generic/pgf/basiclayer\p
gfcoretransparency.code.tex"
File: pgfcoretransparency.code.tex 2020/01/08 v3.1.5b (3.1.5b)
)
("C:\Users\Colin\AppData\Local\Programs\MiKTeX 2.9\tex/generic/pgf/basiclayer\p
gfcorepatterns.code.tex"
File: pgfcorepatterns.code.tex 2020/01/08 v3.1.5b (3.1.5b)
)
("C:\Users\Colin\AppData\Local\Programs\MiKTeX 2.9\tex/generic/pgf/basiclayer\p
gfcorerdf.code.tex"
File: pgfcorerdf.code.tex 2020/01/08 v3.1.5b (3.1.5b)
)))
("C:\Users\Colin\AppData\Local\Programs\MiKTeX 2.9\tex/generic/pgf/modules\pgfm
oduleshapes.code.tex"
File: pgfmoduleshapes.code.tex 2020/01/08 v3.1.5b (3.1.5b)
\pgfnodeparttextbox=\box51
)
("C:\Users\Colin\AppData\Local\Programs\MiKTeX 2.9\tex/generic/pgf/modules\pgfm
oduleplot.code.tex"
File: pgfmoduleplot.code.tex 2020/01/08 v3.1.5b (3.1.5b)
)
("C:\Users\Colin\AppData\Local\Programs\MiKTeX 2.9\tex/latex/pgf/compatibility\
pgfcomp-version-0-65.sty"
Package: pgfcomp-version-0-65 2020/01/08 v3.1.5b (3.1.5b)
\pgf@nodesepstart=\dimen182
\pgf@nodesepend=\dimen183
)
("C:\Users\Colin\AppData\Local\Programs\MiKTeX 2.9\tex/latex/pgf/compatibility\
pgfcomp-version-1-18.sty"
Package: pgfcomp-version-1-18 2020/01/08 v3.1.5b (3.1.5b)
))
("C:\Users\Colin\AppData\Local\Programs\MiKTeX 2.9\tex/latex/tools\verbatim.sty
"
Package: verbatim 2019/11/10 v1.5r LaTeX2e package for verbatim enhancements
\every@verbatim=\toks26
\verbatim@line=\toks27
\verbatim@in@stream=\read3
)
("C:\Users\Colin\AppData\Local\Programs\MiKTeX 2.9\tex/latex/environ\environ.st
y"
Package: environ 2014/05/04 v0.3 A new way to define environments

("C:\Users\Colin\AppData\Local\Programs\MiKTeX 2.9\tex/latex/trimspaces\trimspa
ces.sty"
Package: trimspaces 2009/09/17 v1.1 Trim spaces around a token list
)
\@envbody=\toks28
)
("C:\Users\Colin\AppData\Local\Programs\MiKTeX 2.9\tex/latex/etoolbox\etoolbox.
sty"
Package: etoolbox 2019/09/21 v2.5h e-TeX tools for LaTeX (JAW)
\etb@tempcnta=\count191
)
\tcb@titlebox=\box52
\tcb@upperbox=\box53
\tcb@lowerbox=\box54
\tcb@phantombox=\box55
\c@tcbbreakpart=\count192
\c@tcblayer=\count193
\tcolorbox@number=\count194
\tcb@temp=\box56
\tcb@temp=\box57
\tcb@temp=\box58
\tcb@temp=\box59
\tcb@out=\write4
\tcb@record@out=\write5

("C:\Users\Colin\AppData\Local\Programs\MiKTeX 2.9\tex/latex/tcolorbox\tcbraste
r.code.tex"
Library (tcolorbox): 'tcbraster.code.tex' version '4.22'
\c@tcbrastercolumn=\count195
\c@tcbrasterrow=\count196
\c@tcbraster=\count197
)
("C:\Users\Colin\AppData\Local\Programs\MiKTeX 2.9\tex/latex/tcolorbox\tcbskins
.code.tex"
Library (tcolorbox): 'tcbskins.code.tex' version '4.22'

("C:\Users\Colin\AppData\Local\Programs\MiKTeX 2.9\tex/latex/pgf/frontendlayer\
tikz.sty"
("C:\Users\Colin\AppData\Local\Programs\MiKTeX 2.9\tex/latex/pgf/utilities\pgff
or.sty"
("C:\Users\Colin\AppData\Local\Programs\MiKTeX 2.9\tex/latex/pgf/utilities\pgfk
eys.sty"
("C:\Users\Colin\AppData\Local\Programs\MiKTeX 2.9\tex/generic/pgf/utilities\pg
fkeys.code.tex"))
("C:\Users\Colin\AppData\Local\Programs\MiKTeX 2.9\tex/latex/pgf/math\pgfmath.s
ty"
("C:\Users\Colin\AppData\Local\Programs\MiKTeX 2.9\tex/generic/pgf/math\pgfmath
.code.tex"))
("C:\Users\Colin\AppData\Local\Programs\MiKTeX 2.9\tex/generic/pgf/utilities\pg
ffor.code.tex"
Package: pgffor 2020/01/08 v3.1.5b (3.1.5b)

("C:\Users\Colin\AppData\Local\Programs\MiKTeX 2.9\tex/generic/pgf/math\pgfmath
.code.tex")
\pgffor@iter=\dimen184
\pgffor@skip=\dimen185
\pgffor@stack=\toks29
\pgffor@toks=\toks30
))
("C:\Users\Colin\AppData\Local\Programs\MiKTeX 2.9\tex/generic/pgf/frontendlaye
r/tikz\tikz.code.tex"
Package: tikz 2020/01/08 v3.1.5b (3.1.5b)

("C:\Users\Colin\AppData\Local\Programs\MiKTeX 2.9\tex/generic/pgf/libraries\pg
flibraryplothandlers.code.tex"
File: pgflibraryplothandlers.code.tex 2020/01/08 v3.1.5b (3.1.5b)
\pgf@plot@mark@count=\count198
\pgfplotmarksize=\dimen186
)
\tikz@lastx=\dimen187
\tikz@lasty=\dimen188
\tikz@lastxsaved=\dimen189
\tikz@lastysaved=\dimen190
\tikz@lastmovetox=\dimen191
\tikz@lastmovetoy=\dimen192
\tikzleveldistance=\dimen193
\tikzsiblingdistance=\dimen194
\tikz@figbox=\box60
\tikz@figbox@bg=\box61
\tikz@tempbox=\box62
\tikz@tempbox@bg=\box63
\tikztreelevel=\count199
\tikznumberofchildren=\count266
\tikznumberofcurrentchild=\count267
\tikz@fig@count=\count268

("C:\Users\Colin\AppData\Local\Programs\MiKTeX 2.9\tex/generic/pgf/modules\pgfm
odulematrix.code.tex"
File: pgfmodulematrix.code.tex 2020/01/08 v3.1.5b (3.1.5b)
\pgfmatrixcurrentrow=\count269
\pgfmatrixcurrentcolumn=\count270
\pgf@matrix@numberofcolumns=\count271
)
\tikz@expandcount=\count272

("C:\Users\Colin\AppData\Local\Programs\MiKTeX 2.9\tex/generic/pgf/frontendlaye
r/tikz/libraries\tikzlibrarytopaths.code.tex"
File: tikzlibrarytopaths.code.tex 2020/01/08 v3.1.5b (3.1.5b)
)))
\tcb@waterbox=\box64

("C:\Users\Colin\AppData\Local\Programs\MiKTeX 2.9\tex/latex/tcolorbox\tcbskins
jigsaw.code.tex"
Library (tcolorbox): 'tcbskinsjigsaw.code.tex' version '4.22'
))
("C:\Users\Colin\AppData\Local\Programs\MiKTeX 2.9\tex/latex/tcolorbox\tcbbreak
able.code.tex"
Library (tcolorbox): 'tcbbreakable.code.tex' version '4.22'
\tcb@testbox=\box65
\tcb@totalupperbox=\box66
\tcb@totallowerbox=\box67
)
("C:\Users\Colin\AppData\Local\Programs\MiKTeX 2.9\tex/latex/tcolorbox\tcbhooks
.code.tex"
Library (tcolorbox): 'tcbhooks.code.tex' version '4.22'
)
("C:\Users\Colin\AppData\Local\Programs\MiKTeX 2.9\tex/latex/tcolorbox\tcbtheor
ems.code.tex"
Library (tcolorbox): 'tcbtheorems.code.tex' version '4.22'

("C:\Users\Colin\AppData\Local\Programs\MiKTeX 2.9\tex/latex/amsmath\amsmath.st
y"
Package: amsmath 2020/01/20 v2.17e AMS math features
\@mathmargin=\skip49

For additional information on amsmath, use the `?' option.

("C:\Users\Colin\AppData\Local\Programs\MiKTeX 2.9\tex/latex/amsmath\amstext.st
y"
Package: amstext 2000/06/29 v2.01 AMS text

("C:\Users\Colin\AppData\Local\Programs\MiKTeX 2.9\tex/latex/amsmath\amsgen.sty
"
File: amsgen.sty 1999/11/30 v2.0 generic functions
\@emptytoks=\toks31
\ex@=\dimen195
))
("C:\Users\Colin\AppData\Local\Programs\MiKTeX 2.9\tex/latex/amsmath\amsbsy.sty
"
Package: amsbsy 1999/11/29 v1.2d Bold Symbols
\pmbraise@=\dimen196
)
("C:\Users\Colin\AppData\Local\Programs\MiKTeX 2.9\tex/latex/amsmath\amsopn.sty
"
Package: amsopn 2016/03/08 v2.02 operator names
)
\inf@bad=\count273
LaTeX Info: Redefining \frac on input line 227.
\uproot@=\count274
\leftroot@=\count275
LaTeX Info: Redefining \overline on input line 389.
\classnum@=\count276
\DOTSCASE@=\count277
LaTeX Info: Redefining \ldots on input line 486.
LaTeX Info: Redefining \dots on input line 489.
LaTeX Info: Redefining \cdots on input line 610.
\Mathstrutbox@=\box68
\strutbox@=\box69
\big@size=\dimen197
LaTeX Font Info:    Redeclaring font encoding OML on input line 733.
LaTeX Font Info:    Redeclaring font encoding OMS on input line 734.
\macc@depth=\count278
\c@MaxMatrixCols=\count279
\dotsspace@=\muskip16
\c@parentequation=\count280
\dspbrk@lvl=\count281
\tag@help=\toks32
\row@=\count282
\column@=\count283
\maxfields@=\count284
\andhelp@=\toks33
\eqnshift@=\dimen198
\alignsep@=\dimen199
\tagshift@=\dimen256
\tagwidth@=\dimen257
\totwidth@=\dimen258
\lineht@=\dimen259
\@envbody=\toks34
\multlinegap=\skip50
\multlinetaggap=\skip51
\mathdisplay@stack=\toks35
LaTeX Info: Redefining \[ on input line 2859.
LaTeX Info: Redefining \] on input line 2860.
))
("C:\Users\Colin\AppData\Local\Programs\MiKTeX 2.9\tex/latex/tcolorbox\tcbfitti
ng.code.tex"
Library (tcolorbox): 'tcbfitting.code.tex' version '4.22'
\tcbfitdim=\dimen260
\tcb@lowerfitdim=\dimen261
\tcb@upperfitdim=\dimen262
\tcb@cur@hbadness=\count285
)
("C:\Users\Colin\AppData\Local\Programs\MiKTeX 2.9\tex/latex/tcolorbox\tcbxpars
e.code.tex"
Library (tcolorbox): 'tcbxparse.code.tex' version '4.22'

("C:\Users\Colin\AppData\Local\Programs\MiKTeX 2.9\tex/latex/l3packages/xparse\
xparse.sty"
("C:\Users\Colin\AppData\Local\Programs\MiKTeX 2.9\tex/latex/l3kernel\expl3.sty
"
Package: expl3 2020-02-14 L3 programming layer (loader) 

("C:\Users\Colin\AppData\Local\Programs\MiKTeX 2.9\tex/latex/l3backend\l3backen
d-pdfmode.def"
File: l3backend-pdfmode.def 2020-02-03 L3 backend support: PDF mode
\l__kernel_color_stack_int=\count286
\l__pdf_internal_box=\box70
))
Package: xparse 2020-02-14 L3 Experimental document command parser
\l__xparse_current_arg_int=\count287
\g__xparse_grabber_int=\count288
\l__xparse_m_args_int=\count289
\l__xparse_v_nesting_int=\count290
))
("C:\Users\Colin\AppData\Local\Programs\MiKTeX 2.9\tex/latex/tcolorbox\tcblisti
ngsutf8.code.tex"
Library (tcolorbox): 'tcblistingsutf8.code.tex' version '4.22'

("C:\Users\Colin\AppData\Local\Programs\MiKTeX 2.9\tex/latex/listingsutf8\listi
ngsutf8.sty"
Package: listingsutf8 2019-12-10 v1.5 Allow UTF-8 in listings input (HO)

("C:\Users\Colin\AppData\Local\Programs\MiKTeX 2.9\tex/latex/listings\listings.
sty"
\lst@mode=\count291
\lst@gtempboxa=\box71
\lst@token=\toks36
\lst@length=\count292
\lst@currlwidth=\dimen263
\lst@column=\count293
\lst@pos=\count294
\lst@lostspace=\dimen264
\lst@width=\dimen265
\lst@newlines=\count295
\lst@lineno=\count296
\lst@maxwidth=\dimen266

("C:\Users\Colin\AppData\Local\Programs\MiKTeX 2.9\tex/latex/listings\lstmisc.s
ty"
File: lstmisc.sty 2019/09/10 1.8c (Carsten Heinz)
\c@lstnumber=\count297
\lst@skipnumbers=\count298
\lst@framebox=\box72
)
("C:\Users\Colin\AppData\Local\Programs\MiKTeX 2.9\tex/latex/listings\listings.
cfg"
File: listings.cfg 2019/09/10 1.8c listings configuration
))
Package: listings 2019/09/10 1.8c (Carsten Heinz)

("C:\Users\Colin\AppData\Local\Programs\MiKTeX 2.9\tex/latex/pdftexcmds\pdftexc
mds.sty"
Package: pdftexcmds 2019/11/24 v0.31 Utility functions of pdfTeX for LuaTeX (HO
)

("C:\Users\Colin\AppData\Local\Programs\MiKTeX 2.9\tex/generic/infwarerr\infwar
err.sty"
Package: infwarerr 2019/12/03 v1.5 Providing info/warning/error messages (HO)
)
("C:\Users\Colin\AppData\Local\Programs\MiKTeX 2.9\tex/generic/ltxcmds\ltxcmds.
sty"
Package: ltxcmds 2019/12/15 v1.24 LaTeX kernel commands for general use (HO)
)
Package pdftexcmds Info: \pdf@primitive is available.
Package pdftexcmds Info: \pdf@ifprimitive is available.
Package pdftexcmds Info: \pdfdraftmode found.
)
("C:\Users\Colin\AppData\Local\Programs\MiKTeX 2.9\tex/generic/stringenc\string
enc.sty"
Package: stringenc 2019/11/29 v1.12 Convert strings between diff. encodings (HO
)

("C:\Users\Colin\AppData\Local\Programs\MiKTeX 2.9\tex/generic/pdfescape\pdfesc
ape.sty"
Package: pdfescape 2019/12/09 v1.15 Implements pdfTeX's escape features (HO)
)))
("C:\Users\Colin\AppData\Local\Programs\MiKTeX 2.9\tex/latex/tcolorbox\tcblisti
ngs.code.tex"
Library (tcolorbox): 'tcblistings.code.tex' version '4.22'

("C:\Users\Colin\AppData\Local\Programs\MiKTeX 2.9\tex/latex/tcolorbox\tcblisti
ngscore.code.tex"
Library (tcolorbox): 'tcblistingscore.code.tex' version '4.22'

("C:\Users\Colin\AppData\Local\Programs\MiKTeX 2.9\tex/latex/tcolorbox\tcbproce
ssing.code.tex"
Library (tcolorbox): 'tcbprocessing.code.tex' version '4.22'
("C:\Users\Colin\AppData\Local\Programs\MiKTeX 2.9\tex/latex/tools\shellesc.sty
"
Package: shellesc 2019/11/08 v1.0c unified shell escape interface for LaTeX
Package shellesc Info: Restricted shell escape enabled on input line 77.
))
\c@tcblisting=\count299
)))
("C:\Users\Colin\AppData\Local\Programs\MiKTeX 2.9\tex/latex/tcolorbox\tcbexter
nal.code.tex"
Library (tcolorbox): 'tcbexternal.code.tex' version '4.22'
)
("C:\Users\Colin\AppData\Local\Programs\MiKTeX 2.9\tex/latex/tcolorbox\tcbmagaz
ine.code.tex"
Library (tcolorbox): 'tcbmagazine.code.tex' version '4.22'
)
("C:\Users\Colin\AppData\Local\Programs\MiKTeX 2.9\tex/latex/tcolorbox\tcbvigne
tte.code.tex"
Library (tcolorbox): 'tcbvignette.code.tex' version '4.22'

("C:\Users\Colin\AppData\Local\Programs\MiKTeX 2.9\tex/generic/pgf/frontendlaye
r/tikz/libraries\tikzlibraryfadings.code.tex"
File: tikzlibraryfadings.code.tex 2020/01/08 v3.1.5b (3.1.5b)

("C:\Users\Colin\AppData\Local\Programs\MiKTeX 2.9\tex/generic/pgf/libraries\pg
flibraryfadings.code.tex"
File: pgflibraryfadings.code.tex 2020/01/08 v3.1.5b (3.1.5b)
)))
("C:\Users\Colin\AppData\Local\Programs\MiKTeX 2.9\tex/latex/tcolorbox\tcbposte
r.code.tex"
Library (tcolorbox): 'tcbposter.code.tex' version '4.22'
)) ("C:\Users\Colin\AppData\Local\Programs\MiKTeX 2.9\tex/latex/lm\lmodern.sty"
Package: lmodern 2009/10/30 v1.6 Latin Modern Fonts
LaTeX Font Info:    Overwriting symbol font `operators' in version `normal'
(Font)                  OT1/cmr/m/n --> OT1/lmr/m/n on input line 22.
LaTeX Font Info:    Overwriting symbol font `letters' in version `normal'
(Font)                  OML/cmm/m/it --> OML/lmm/m/it on input line 23.
LaTeX Font Info:    Overwriting symbol font `symbols' in version `normal'
(Font)                  OMS/cmsy/m/n --> OMS/lmsy/m/n on input line 24.
LaTeX Font Info:    Overwriting symbol font `largesymbols' in version `normal'
(Font)                  OMX/cmex/m/n --> OMX/lmex/m/n on input line 25.
LaTeX Font Info:    Overwriting symbol font `operators' in version `bold'
(Font)                  OT1/cmr/bx/n --> OT1/lmr/bx/n on input line 26.
LaTeX Font Info:    Overwriting symbol font `letters' in version `bold'
(Font)                  OML/cmm/b/it --> OML/lmm/b/it on input line 27.
LaTeX Font Info:    Overwriting symbol font `symbols' in version `bold'
(Font)                  OMS/cmsy/b/n --> OMS/lmsy/b/n on input line 28.
LaTeX Font Info:    Overwriting symbol font `largesymbols' in version `bold'
(Font)                  OMX/cmex/m/n --> OMX/lmex/m/n on input line 29.
LaTeX Font Info:    Overwriting math alphabet `\mathbf' in version `normal'
(Font)                  OT1/cmr/bx/n --> OT1/lmr/bx/n on input line 31.
LaTeX Font Info:    Overwriting math alphabet `\mathsf' in version `normal'
(Font)                  OT1/cmss/m/n --> OT1/lmss/m/n on input line 32.
LaTeX Font Info:    Overwriting math alphabet `\mathit' in version `normal'
(Font)                  OT1/cmr/m/it --> OT1/lmr/m/it on input line 33.
LaTeX Font Info:    Overwriting math alphabet `\mathtt' in version `normal'
(Font)                  OT1/cmtt/m/n --> OT1/lmtt/m/n on input line 34.
LaTeX Font Info:    Overwriting math alphabet `\mathbf' in version `bold'
(Font)                  OT1/cmr/bx/n --> OT1/lmr/bx/n on input line 35.
LaTeX Font Info:    Overwriting math alphabet `\mathsf' in version `bold'
(Font)                  OT1/cmss/bx/n --> OT1/lmss/bx/n on input line 36.
LaTeX Font Info:    Overwriting math alphabet `\mathit' in version `bold'
(Font)                  OT1/cmr/bx/it --> OT1/lmr/bx/it on input line 37.
LaTeX Font Info:    Overwriting math alphabet `\mathtt' in version `bold'
(Font)                  OT1/cmtt/m/n --> OT1/lmtt/m/n on input line 38.
)
("C:\Users\Colin\AppData\Local\Programs\MiKTeX 2.9\tex/latex/titlesec\titlesec.
sty"
Package: titlesec 2019/10/16 v2.13 Sectioning titles
\ttl@box=\box73
\beforetitleunit=\skip52
\aftertitleunit=\skip53
\ttl@plus=\dimen267
\ttl@minus=\dimen268
\ttl@toksa=\toks37
\titlewidth=\dimen269
\titlewidthlast=\dimen270
\titlewidthfirst=\dimen271
)
\c@ttlp@side=\count300
\ttlp@side=\count301

("C:\Users\Colin\AppData\Local\Programs\MiKTeX 2.9\tex/generic/pgf/frontendlaye
r/tikz/libraries\tikzlibrarycalc.code.tex"
File: tikzlibrarycalc.code.tex 2020/01/08 v3.1.5b (3.1.5b)
)
\c@chapshift=\count302

("C:\Users\Colin\AppData\Local\Programs\MiKTeX 2.9\tex/latex/fancyhdr\fancyhdr.
sty"
Package: fancyhdr 2019/01/31 v3.10 Extensive control of page headers and footer
s
\f@nch@headwidth=\skip54
\f@nch@O@elh=\skip55
\f@nch@O@erh=\skip56
\f@nch@O@olh=\skip57
\f@nch@O@orh=\skip58
\f@nch@O@elf=\skip59
\f@nch@O@erf=\skip60
\f@nch@O@olf=\skip61
\f@nch@O@orf=\skip62
)) (preamble.sty
Package: preamble 

("C:\Users\Colin\AppData\Local\Programs\MiKTeX 2.9\tex/latex/hyperref\hyperref.
sty"
Package: hyperref 2020/01/14 v7.00d Hypertext links for LaTeX

("C:\Users\Colin\AppData\Local\Programs\MiKTeX 2.9\tex/generic/kvsetkeys\kvsetk
eys.sty"
Package: kvsetkeys 2019/12/15 v1.18 Key value parser (HO)
)
("C:\Users\Colin\AppData\Local\Programs\MiKTeX 2.9\tex/generic/kvdefinekeys\kvd
efinekeys.sty"
Package: kvdefinekeys 2019-12-19 v1.6 Define keys (HO)
)
("C:\Users\Colin\AppData\Local\Programs\MiKTeX 2.9\tex/latex/hycolor\hycolor.st
y"
Package: hycolor 2020-01-27 v1.10 Color options for hyperref/bookmark (HO)
)
("C:\Users\Colin\AppData\Local\Programs\MiKTeX 2.9\tex/latex/letltxmacro\letltx
macro.sty"
Package: letltxmacro 2019/12/03 v1.6 Let assignment for LaTeX macros (HO)
)
("C:\Users\Colin\AppData\Local\Programs\MiKTeX 2.9\tex/latex/auxhook\auxhook.st
y"
Package: auxhook 2019-12-17 v1.6 Hooks for auxiliary files (HO)
)
("C:\Users\Colin\AppData\Local\Programs\MiKTeX 2.9\tex/latex/kvoptions\kvoption
s.sty"
Package: kvoptions 2019/11/29 v3.13 Key value format for package options (HO)
)
\@linkdim=\dimen272
\Hy@linkcounter=\count303
\Hy@pagecounter=\count304

("C:\Users\Colin\AppData\Local\Programs\MiKTeX 2.9\tex/latex/hyperref\pd1enc.de
f"
File: pd1enc.def 2020/01/14 v7.00d Hyperref: PDFDocEncoding definition (HO)
Now handling font encoding PD1 ...
... no UTF-8 mapping file for font encoding PD1
)
("C:\Users\Colin\AppData\Local\Programs\MiKTeX 2.9\tex/generic/intcalc\intcalc.
sty"
Package: intcalc 2019/12/15 v1.3 Expandable calculations with integers (HO)
)
("C:\Users\Colin\AppData\Local\Programs\MiKTeX 2.9\tex/generic/etexcmds\etexcmd
s.sty"
Package: etexcmds 2019/12/15 v1.7 Avoid name clashes with e-TeX commands (HO)
)
\Hy@SavedSpaceFactor=\count305
Package hyperref Info: Hyper figures OFF on input line 4547.
Package hyperref Info: Link nesting OFF on input line 4552.
Package hyperref Info: Hyper index ON on input line 4555.
Package hyperref Info: Plain pages OFF on input line 4562.
Package hyperref Info: Backreferencing OFF on input line 4567.
Package hyperref Info: Implicit mode ON; LaTeX internals redefined.
Package hyperref Info: Bookmarks ON on input line 4800.
\c@Hy@tempcnt=\count306
 ("C:\Users\Colin\AppData\Local\Programs\MiKTeX 2.9\tex/latex/url\url.sty"
\Urlmuskip=\muskip17
Package: url 2013/09/16  ver 3.4  Verb mode for urls, etc.
)
LaTeX Info: Redefining \url on input line 5159.
\XeTeXLinkMargin=\dimen273

("C:\Users\Colin\AppData\Local\Programs\MiKTeX 2.9\tex/generic/bitset\bitset.st
y"
Package: bitset 2019/12/09 v1.3 Handle bit-vector datatype (HO)

("C:\Users\Colin\AppData\Local\Programs\MiKTeX 2.9\tex/generic/bigintcalc\bigin
tcalc.sty"
Package: bigintcalc 2019/12/15 v1.5 Expandable calculations on big integers (HO
)
))
\Fld@menulength=\count307
\Field@Width=\dimen274
\Fld@charsize=\dimen275
Package hyperref Info: Hyper figures OFF on input line 6430.
Package hyperref Info: Link nesting OFF on input line 6435.
Package hyperref Info: Hyper index ON on input line 6438.
Package hyperref Info: backreferencing OFF on input line 6445.
Package hyperref Info: Link coloring OFF on input line 6450.
Package hyperref Info: Link coloring with OCG OFF on input line 6455.
Package hyperref Info: PDF/A mode OFF on input line 6460.
LaTeX Info: Redefining \ref on input line 6500.
LaTeX Info: Redefining \pageref on input line 6504.

("C:\Users\Colin\AppData\Local\Programs\MiKTeX 2.9\tex/generic/atbegshi\atbegsh
i.sty"
Package: atbegshi 2019/12/05 v1.19 At begin shipout hook (HO)
)
\Hy@abspage=\count308
\c@Item=\count309
\c@Hfootnote=\count310
)
Package hyperref Info: Driver (autodetected): hpdftex.

("C:\Users\Colin\AppData\Local\Programs\MiKTeX 2.9\tex/latex/hyperref\hpdftex.d
ef"
File: hpdftex.def 2020/01/14 v7.00d Hyperref driver for pdfTeX

("C:\Users\Colin\AppData\Local\Programs\MiKTeX 2.9\tex/latex/atveryend\atveryen
d.sty"
Package: atveryend 2019-12-11 v1.11 Hooks at the very end of document (HO)
)
\Fld@listcount=\count311
\c@bookmark@seq@number=\count312

("C:\Users\Colin\AppData\Local\Programs\MiKTeX 2.9\tex/latex/rerunfilecheck\rer
unfilecheck.sty"
Package: rerunfilecheck 2019/12/05 v1.9 Rerun checks for auxiliary files (HO)

("C:\Users\Colin\AppData\Local\Programs\MiKTeX 2.9\tex/generic/uniquecounter\un
iquecounter.sty"
Package: uniquecounter 2019/12/15 v1.4 Provide unlimited unique counter (HO)
)
Package uniquecounter Info: New unique counter `rerunfilecheck' on input line 2
86.
)
\Hy@SectionHShift=\skip63
)
("C:\Users\Colin\AppData\Local\Programs\MiKTeX 2.9\tex/latex/svg\svg.sty"
Package: svg 2020/01/13 v2.02e (include SVG pictures)

("C:\Users\Colin\AppData\Local\Programs\MiKTeX 2.9\tex/latex/koma-script\scrbas
e.sty"
Package: scrbase 2020/01/24 v3.29 KOMA-Script package (KOMA-Script-independent 
basics and keyval usage)

("C:\Users\Colin\AppData\Local\Programs\MiKTeX 2.9\tex/latex/koma-script\scrlfi
le.sty"
Package: scrlfile 2020/01/24 v3.29 KOMA-Script package (loading files)
))
\svg@box=\box74
\c@svg@param@lastpage=\count313
\c@svg@param@currpage=\count314
)
("C:\Users\Colin\AppData\Local\Programs\MiKTeX 2.9\tex/latex/transparent\transp
arent.sty"
Package: transparent 2019/11/29 v1.4 Transparency via pdfTeX's color stack (HO)

)
("C:\Users\Colin\AppData\Local\Programs\MiKTeX 2.9\tex/latex/soul\soul.sty"
Package: soul 2003/11/17 v2.4 letterspacing/underlining (mf)
\SOUL@word=\toks38
\SOUL@lasttoken=\toks39
\SOUL@cmds=\toks40
\SOUL@buffer=\toks41
\SOUL@token=\toks42
\SOUL@spaceskip=\skip64
\SOUL@ttwidth=\dimen276
\SOUL@uldp=\dimen277
\SOUL@ulht=\dimen278
)
("C:\Users\Colin\AppData\Local\Programs\MiKTeX 2.9\tex/latex/tikz-cd\tikz-cd.st
y"
Package: tikz-cd 2018/11/19 v0.9f Commutative diagrams with TikZ

("C:\Users\Colin\AppData\Local\Programs\MiKTeX 2.9\tex/latex/tikz-cd\tikzlibrar
ycd.code.tex"
("C:\Users\Colin\AppData\Local\Programs\MiKTeX 2.9\tex/generic/pgf/frontendlaye
r/tikz/libraries\tikzlibrarymatrix.code.tex"
File: tikzlibrarymatrix.code.tex 2020/01/08 v3.1.5b (3.1.5b)
)
("C:\Users\Colin\AppData\Local\Programs\MiKTeX 2.9\tex/generic/pgf/frontendlaye
r/tikz/libraries\tikzlibraryquotes.code.tex"
File: tikzlibraryquotes.code.tex 2020/01/08 v3.1.5b (3.1.5b)
)
("C:\Users\Colin\AppData\Local\Programs\MiKTeX 2.9\tex/generic/pgf/libraries\pg
flibraryarrows.meta.code.tex"
File: pgflibraryarrows.meta.code.tex 2020/01/08 v3.1.5b (3.1.5b)
\pgfarrowinset=\dimen279
\pgfarrowlength=\dimen280
\pgfarrowwidth=\dimen281
\pgfarrowlinewidth=\dimen282
)))
("C:\Users\Colin\AppData\Local\Programs\MiKTeX 2.9\tex/latex/tikz-3dplot\tikz-3
dplot.sty"
("C:\Users\Colin\AppData\Local\Programs\MiKTeX 2.9\tex/latex/base\ifthen.sty"
Package: ifthen 2014/09/29 v1.1c Standard LaTeX ifthen package (DPC)
)
("C:\Users\Colin\AppData\Local\Programs\MiKTeX 2.9\tex/generic/pgf/frontendlaye
r/tikz/libraries\tikzlibrary3d.code.tex"
File: tikzlibrary3d.code.tex 2020/01/08 v3.1.5b (3.1.5b)
)
("C:\Users\Colin\AppData\Local\Programs\MiKTeX 2.9\tex/generic/pgf/frontendlaye
r/tikz/libraries\tikzlibraryarrows.code.tex"
File: tikzlibraryarrows.code.tex 2020/01/08 v3.1.5b (3.1.5b)

("C:\Users\Colin\AppData\Local\Programs\MiKTeX 2.9\tex/generic/pgf/libraries\pg
flibraryarrows.code.tex"
File: pgflibraryarrows.code.tex 2020/01/08 v3.1.5b (3.1.5b)
\arrowsize=\dimen283
)))
("C:\Users\Colin\AppData\Local\Programs\MiKTeX 2.9\tex/generic/pgf/frontendlaye
r/tikz/libraries\tikzlibraryangles.code.tex"
File: tikzlibraryangles.code.tex 2020/01/08 v3.1.5b (3.1.5b)
)
("C:\Users\Colin\AppData\Local\Programs\MiKTeX 2.9\tex/latex/mathtools\mathtool
s.sty"
Package: mathtools 2020/01/17 v1.23 mathematical typesetting tools

("C:\Users\Colin\AppData\Local\Programs\MiKTeX 2.9\tex/latex/tools\calc.sty"
Package: calc 2017/05/25 v4.3 Infix arithmetic (KKT,FJ)
\calc@Acount=\count315
\calc@Bcount=\count316
\calc@Adimen=\dimen284
\calc@Bdimen=\dimen285
\calc@Askip=\skip65
\calc@Bskip=\skip66
LaTeX Info: Redefining \setlength on input line 80.
LaTeX Info: Redefining \addtolength on input line 81.
\calc@Ccount=\count317
\calc@Cskip=\skip67
)
("C:\Users\Colin\AppData\Local\Programs\MiKTeX 2.9\tex/latex/mathtools\mhsetup.
sty"
Package: mhsetup 2017/03/31 v1.3 programming setup (MH)
)
LaTeX Info: Thecontrolsequence`\('isalreadyrobust on input line 129.
LaTeX Info: Thecontrolsequence`\)'isalreadyrobust on input line 129.
LaTeX Info: Thecontrolsequence`\['isalreadyrobust on input line 129.
LaTeX Info: Thecontrolsequence`\]'isalreadyrobust on input line 129.
\g_MT_multlinerow_int=\count318
\l_MT_multwidth_dim=\dimen286
\origjot=\skip68
\l_MT_shortvdotswithinadjustabove_dim=\dimen287
\l_MT_shortvdotswithinadjustbelow_dim=\dimen288
\l_MT_above_intertext_sep=\dimen289
\l_MT_below_intertext_sep=\dimen290
\l_MT_above_shortintertext_sep=\dimen291
\l_MT_below_shortintertext_sep=\dimen292
)
("C:\Users\Colin\AppData\Local\Programs\MiKTeX 2.9\tex/latex/answers\answers.st
y"
Package: answers 2014/08/24 v2.16 Production of solution sheets in LaTeX2e
)
("C:\Users\Colin\AppData\Local\Programs\MiKTeX 2.9\tex/latex/setspace\setspace.
sty"
Package: setspace 2011/12/19 v6.7a set line spacing
)
("C:\Users\Colin\AppData\Local\Programs\MiKTeX 2.9\tex/latex/tools\enumerate.st
y"
Package: enumerate 2015/07/23 v3.00 enumerate extensions (DPC)
\@enLab=\toks43
)
("C:\Users\Colin\AppData\Local\Programs\MiKTeX 2.9\tex/latex/tools\multicol.sty
"
Package: multicol 2019/12/09 v1.8y multicolumn formatting (FMi)
\c@tracingmulticols=\count319
\mult@box=\box75
\multicol@leftmargin=\dimen293
\c@unbalance=\count320
\c@collectmore=\count321
\doublecol@number=\count322
\multicoltolerance=\count323
\multicolpretolerance=\count324
\full@width=\dimen294
\page@free=\dimen295
\premulticols=\dimen296
\postmulticols=\dimen297
\multicolsep=\skip69
\multicolbaselineskip=\skip70
\partial@page=\box76
\last@line=\box77
\maxbalancingoverflow=\dimen298
\mult@rightbox=\box78
\mult@grightbox=\box79
\mult@gfirstbox=\box80
\mult@firstbox=\box81
\@tempa=\box82
\@tempa=\box83
\@tempa=\box84
\@tempa=\box85
\@tempa=\box86
\@tempa=\box87
\@tempa=\box88
\@tempa=\box89
\@tempa=\box90
\@tempa=\box91
\@tempa=\box92
\@tempa=\box93
\@tempa=\box94
\@tempa=\box95
\@tempa=\box96
\@tempa=\box97
\@tempa=\box98
\@tempa=\box99
\@tempa=\box100
\@tempa=\box101
\@tempa=\box102
\@tempa=\box103
\@tempa=\box104
\@tempa=\box105
\@tempa=\box106
\@tempa=\box107
\@tempa=\box108
\@tempa=\box109
\@tempa=\box110
\@tempa=\box111
\@tempa=\box112
\@tempa=\box113
\@tempa=\box114
\@tempa=\box115
\@tempa=\box116
\@tempa=\box117
\@tempa=\box118
\c@minrows=\count325
\c@columnbadness=\count326
\c@finalcolumnbadness=\count327
\last@try=\dimen299
\multicolovershoot=\dimen300
\multicolundershoot=\dimen301
\mult@nat@firstbox=\box119
\colbreak@box=\box120
\mc@col@check@num=\count328
)
("C:\Users\Colin\AppData\Local\Programs\MiKTeX 2.9\tex/latex/jknappen\mathrsfs.
sty"
Package: mathrsfs 1996/01/01 Math RSFS package v1.0 (jk)
\symrsfs=\mathgroup4
)
("C:\Users\Colin\AppData\Local\Programs\MiKTeX 2.9\tex/latex/amscls\amsthm.sty"
Package: amsthm 2017/10/31 v2.20.4
\thm@style=\toks44
\thm@bodyfont=\toks45
\thm@headfont=\toks46
\thm@notefont=\toks47
\thm@headpunct=\toks48
\thm@preskip=\skip71
\thm@postskip=\skip72
\thm@headsep=\skip73
\dth@everypar=\toks49
)
("C:\Users\Colin\AppData\Local\Programs\MiKTeX 2.9\tex/latex/amsfonts\amssymb.s
ty"
Package: amssymb 2013/01/14 v3.01 AMS font symbols

("C:\Users\Colin\AppData\Local\Programs\MiKTeX 2.9\tex/latex/amsfonts\amsfonts.
sty"
Package: amsfonts 2013/01/14 v3.01 Basic AMSFonts support
\symAMSa=\mathgroup5
\symAMSb=\mathgroup6
LaTeX Font Info:    Redeclaring math symbol \hbar on input line 98.
LaTeX Font Info:    Overwriting math alphabet `\mathfrak' in version `bold'
(Font)                  U/euf/m/n --> U/euf/b/n on input line 106.
))
("C:\Users\Colin\AppData\Local\Programs\MiKTeX 2.9\tex/latex/marvosym\marvosym.
sty"
Package: marvosym 2011/07/20 v2.2 Martin Vogel's Symbols font definitions
)
("C:\Users\Colin\AppData\Local\Programs\MiKTeX 2.9\tex/latex/wasysym\wasysym.st
y"
Package: wasysym 2020/01/19 v2.4 Wasy-2 symbol support package
\symwasy=\mathgroup7
LaTeX Font Info:    Overwriting symbol font `wasy' in version `bold'
(Font)                  U/wasy/m/n --> U/wasy/b/n on input line 93.
) ("C:\Users\Colin\AppData\Local\Programs\MiKTeX 2.9\tex/latex/float\float.sty"
Package: float 2001/11/08 v1.3d Float enhancements (AL)
\c@float@type=\count329
\float@exts=\toks50
\float@box=\box121
\@float@everytoks=\toks51
\@floatcapt=\box122
)
("C:\Users\Colin\AppData\Local\Programs\MiKTeX 2.9\tex/latex/morefloats\moreflo
ats.sty"
Package: morefloats 2015/07/22 v1.0h Raise limit of unprocessed floats (HMM)
Package morefloats Info: Maximum number of possible floats asked for: 36
(morefloats)             (i.e. 18 more floats).
(morefloats)             LaTeX might run out of memory before this
(morefloats)             (in which case it will notify you).
)
("C:\Users\Colin\AppData\Local\Programs\MiKTeX 2.9\tex/latex/pgfplots\pgfplots.
sty"
("C:\Users\Colin\AppData\Local\Programs\MiKTeX 2.9\tex/generic/pgfplots\pgfplot
s.revision.tex")
Package: pgfplots 2018/03/28 v1.16 Data Visualization (1.16)

("C:\Users\Colin\AppData\Local\Programs\MiKTeX 2.9\tex/generic/pgfplots\pgfplot
s.code.tex"
("C:\Users\Colin\AppData\Local\Programs\MiKTeX 2.9\tex/generic/pgfplots\pgfplot
score.code.tex"
\t@pgfplots@toka=\toks52
\t@pgfplots@tokb=\toks53
\t@pgfplots@tokc=\toks54
\pgfplots@tmpa=\dimen302
\c@pgfplots@coordindex=\count330
\c@pgfplots@scanlineindex=\count331

("C:\Users\Colin\AppData\Local\Programs\MiKTeX 2.9\tex/generic/pgfplots/sys\pgf
plotssysgeneric.code.tex"))
("C:\Users\Colin\AppData\Local\Programs\MiKTeX 2.9\tex/generic/pgfplots/libs\pg
fplotslibrary.code.tex")
("C:\Users\Colin\AppData\Local\Programs\MiKTeX 2.9\tex/generic/pgfplots/oldpgfc
ompatib\pgfplotsoldpgfsupp_loader.code.tex"
("C:\Users\Colin\AppData\Local\Programs\MiKTeX 2.9\tex/generic/pgf/libraries\pg
flibraryfpu.code.tex"))
("C:\Users\Colin\AppData\Local\Programs\MiKTeX 2.9\tex/generic/pgfplots/util\pg
fplotsutil.code.tex"
("C:\Users\Colin\AppData\Local\Programs\MiKTeX 2.9\tex/generic/pgfplots/liststr
ucture\pgfplotsliststructure.code.tex")
("C:\Users\Colin\AppData\Local\Programs\MiKTeX 2.9\tex/generic/pgfplots/liststr
ucture\pgfplotsliststructureext.code.tex")
("C:\Users\Colin\AppData\Local\Programs\MiKTeX 2.9\tex/generic/pgfplots/liststr
ucture\pgfplotsarray.code.tex"
\c@pgfplotsarray@tmp=\count332
)
("C:\Users\Colin\AppData\Local\Programs\MiKTeX 2.9\tex/generic/pgfplots/liststr
ucture\pgfplotsmatrix.code.tex")
("C:\Users\Colin\AppData\Local\Programs\MiKTeX 2.9\tex/generic/pgfplots/numtabl
e\pgfplotstableshared.code.tex"
\c@pgfplotstable@counta=\count333
\t@pgfplotstable@a=\toks55
)
("C:\Users\Colin\AppData\Local\Programs\MiKTeX 2.9\tex/generic/pgfplots/liststr
ucture\pgfplotsdeque.code.tex")
("C:\Users\Colin\AppData\Local\Programs\MiKTeX 2.9\tex/generic/pgfplots/util\pg
fplotsbinary.code.tex"
("C:\Users\Colin\AppData\Local\Programs\MiKTeX 2.9\tex/generic/pgfplots/util\pg
fplotsbinary.data.code.tex"))
("C:\Users\Colin\AppData\Local\Programs\MiKTeX 2.9\tex/generic/pgfplots/util\pg
fplotsutil.verb.code.tex")
("C:\Users\Colin\AppData\Local\Programs\MiKTeX 2.9\tex/generic/pgfplots/libs\pg
flibrarypgfplots.surfshading.code.tex"
\c@pgfplotslibrarysurf@no=\count334

("C:\Users\Colin\AppData\Local\Programs\MiKTeX 2.9\tex/generic/pgfplots/sys\pgf
librarypgfplots.surfshading.pgfsys-pdftex.def")))
("C:\Users\Colin\AppData\Local\Programs\MiKTeX 2.9\tex/generic/pgfplots/util\pg
fplotscolormap.code.tex"
("C:\Users\Colin\AppData\Local\Programs\MiKTeX 2.9\tex/generic/pgfplots/util\pg
fplotscolor.code.tex"))
("C:\Users\Colin\AppData\Local\Programs\MiKTeX 2.9\tex/generic/pgfplots\pgfplot
sstackedplots.code.tex")
("C:\Users\Colin\AppData\Local\Programs\MiKTeX 2.9\tex/generic/pgfplots\pgfplot
splothandlers.code.tex"
("C:\Users\Colin\AppData\Local\Programs\MiKTeX 2.9\tex/generic/pgfplots\pgfplot
smeshplothandler.code.tex"
("C:\Users\Colin\AppData\Local\Programs\MiKTeX 2.9\tex/generic/pgfplots\pgfplot
smeshplotimage.code.tex")))
("C:\Users\Colin\AppData\Local\Programs\MiKTeX 2.9\tex/generic/pgfplots\pgfplot
s.scaling.code.tex")
("C:\Users\Colin\AppData\Local\Programs\MiKTeX 2.9\tex/generic/pgfplots\pgfplot
scoordprocessing.code.tex")
("C:\Users\Colin\AppData\Local\Programs\MiKTeX 2.9\tex/generic/pgfplots\pgfplot
s.errorbars.code.tex")
("C:\Users\Colin\AppData\Local\Programs\MiKTeX 2.9\tex/generic/pgfplots\pgfplot
s.markers.code.tex")
("C:\Users\Colin\AppData\Local\Programs\MiKTeX 2.9\tex/generic/pgfplots\pgfplot
sticks.code.tex")
("C:\Users\Colin\AppData\Local\Programs\MiKTeX 2.9\tex/generic/pgfplots\pgfplot
s.paths.code.tex")
("C:\Users\Colin\AppData\Local\Programs\MiKTeX 2.9\tex/generic/pgf/frontendlaye
r/tikz/libraries\tikzlibrarydecorations.code.tex"
("C:\Users\Colin\AppData\Local\Programs\MiKTeX 2.9\tex/generic/pgf/modules\pgfm
oduledecorations.code.tex"
\pgfdecoratedcompleteddistance=\dimen303
\pgfdecoratedremainingdistance=\dimen304
\pgfdecoratedinputsegmentcompleteddistance=\dimen305
\pgfdecoratedinputsegmentremainingdistance=\dimen306
\pgf@decorate@distancetomove=\dimen307
\pgf@decorate@repeatstate=\count335
\pgfdecorationsegmentamplitude=\dimen308
\pgfdecorationsegmentlength=\dimen309
)
\tikz@lib@dec@box=\box123
)
("C:\Users\Colin\AppData\Local\Programs\MiKTeX 2.9\tex/generic/pgf/frontendlaye
r/tikz/libraries\tikzlibrarydecorations.pathmorphing.code.tex"
("C:\Users\Colin\AppData\Local\Programs\MiKTeX 2.9\tex/generic/pgf/libraries/de
corations\pgflibrarydecorations.pathmorphing.code.tex"))
("C:\Users\Colin\AppData\Local\Programs\MiKTeX 2.9\tex/generic/pgf/frontendlaye
r/tikz/libraries\tikzlibrarydecorations.pathreplacing.code.tex"
("C:\Users\Colin\AppData\Local\Programs\MiKTeX 2.9\tex/generic/pgf/libraries/de
corations\pgflibrarydecorations.pathreplacing.code.tex"))
\pgfplots@numplots=\count336
\pgfplots@xmin@reg=\dimen310
\pgfplots@xmax@reg=\dimen311
\pgfplots@ymin@reg=\dimen312
\pgfplots@ymax@reg=\dimen313
\pgfplots@zmin@reg=\dimen314
\pgfplots@zmax@reg=\dimen315
)
("C:\Users\Colin\AppData\Local\Programs\MiKTeX 2.9\tex/generic/pgf/frontendlaye
r/tikz/libraries\tikzlibraryplotmarks.code.tex"
File: tikzlibraryplotmarks.code.tex 2020/01/08 v3.1.5b (3.1.5b)

("C:\Users\Colin\AppData\Local\Programs\MiKTeX 2.9\tex/generic/pgf/libraries\pg
flibraryplotmarks.code.tex"
File: pgflibraryplotmarks.code.tex 2020/01/08 v3.1.5b (3.1.5b)
)))
("C:\Users\Colin\AppData\Local\Programs\MiKTeX 2.9\tex/latex/caption\subcaption
.sty"
Package: subcaption 2020/01/22 v1.3d Sub-captions (AR)

("C:\Users\Colin\AppData\Local\Programs\MiKTeX 2.9\tex/latex/caption\caption.st
y"
Package: caption 2020/01/03 v3.4h Customizing captions (AR)

("C:\Users\Colin\AppData\Local\Programs\MiKTeX 2.9\tex/latex/caption\caption3.s
ty"
Package: caption3 2020/01/03 v1.8h caption3 kernel (AR)
Package caption3 Info: TeX engine: e-TeX on input line 61.
\captionmargin=\dimen316
\captionmargin@=\dimen317
\captionwidth=\dimen318
\caption@tempdima=\dimen319
\caption@indent=\dimen320
\caption@parindent=\dimen321
\caption@hangindent=\dimen322
Package caption Info: Standard document class detected.
)
\c@caption@flags=\count337
\c@continuedfloat=\count338
Package caption Info: float package is loaded.
Package caption Info: hyperref package is loaded.
Package caption Info: listings package is loaded.
)
\c@subfigure=\count339
\c@subtable=\count340
)
("C:\Users\Colin\AppData\Local\Programs\MiKTeX 2.9\tex/latex/fancyvrb\fancyvrb.
sty"
Package: fancyvrb 2020/01/13 v3.5 verbatim text (tvz,hv)
\FV@CodeLineNo=\count341
\FV@InFile=\read4
\FV@TabBox=\box124
\c@FancyVerbLine=\count342
\FV@StepNumber=\count343
\FV@OutFile=\write6
)
("C:\Users\Colin\AppData\Local\Programs\MiKTeX 2.9\tex/latex/tools\longtable.st
y"
Package: longtable 2020/01/07 v4.13 Multi-page Table package (DPC)
\LTleft=\skip74
\LTright=\skip75
\LTpre=\skip76
\LTpost=\skip77
\LTchunksize=\count344
\LTcapwidth=\dimen323
\LT@head=\box125
\LT@firsthead=\box126
\LT@foot=\box127
\LT@lastfoot=\box128
\LT@cols=\count345
\LT@rows=\count346
\c@LT@tables=\count347
\c@LT@chunks=\count348
\LT@p@ftn=\toks56
)
("C:\Users\Colin\AppData\Local\Programs\MiKTeX 2.9\tex/latex/booktabs\booktabs.
sty"
Package: booktabs 2020/01/12 v1.61803398 Publication quality tables
\heavyrulewidth=\dimen324
\lightrulewidth=\dimen325
\cmidrulewidth=\dimen326
\belowrulesep=\dimen327
\belowbottomsep=\dimen328
\aboverulesep=\dimen329
\abovetopsep=\dimen330
\cmidrulesep=\dimen331
\cmidrulekern=\dimen332
\defaultaddspace=\dimen333
\@cmidla=\count349
\@cmidlb=\count350
\@aboverulesep=\dimen334
\@belowrulesep=\dimen335
\@thisruleclass=\count351
\@lastruleclass=\count352
\@thisrulewidth=\dimen336
)
("C:\Users\Colin\AppData\Local\Programs\MiKTeX 2.9\tex/latex/oberdiek\stackrel.
sty"
Package: stackrel 2016/05/16 v1.3 Adding subscript option to stackrel (HO)
)
\c@theorem=\count353
\c@lemma=\count354
\c@corollary=\count355
\c@axiom=\count356
\c@definition=\count357
\c@example=\count358
\c@remark=\count359
\c@solution=\count360
\c@exercise=\count361
\c@question=\count362
\c@answer=\count363
\c@problem=\count364
\c@tcb@cnt@thm=\count365
\c@tcb@cnt@prop=\count366
\c@tcb@cnt@cor=\count367
\c@tcb@cnt@df=\count368
\c@tcb@cnt@ex=\count369
\c@tcb@cnt@prob=\count370

("C:\Users\Colin\AppData\Local\Programs\MiKTeX 2.9\tex/latex/base\makeidx.sty"
Package: makeidx 2014/09/29 v1.0m Standard LaTeX package
))
\@indexfile=\write7
\openout7 = `main.idx'.


Writing index file main.idx
(main.aux)
\openout1 = `main.aux'.

LaTeX Font Info:    Checking defaults for OML/cmm/m/it on input line 34.
LaTeX Font Info:    ... okay on input line 34.
LaTeX Font Info:    Checking defaults for OMS/cmsy/m/n on input line 34.
LaTeX Font Info:    ... okay on input line 34.
LaTeX Font Info:    Checking defaults for OT1/cmr/m/n on input line 34.
LaTeX Font Info:    ... okay on input line 34.
LaTeX Font Info:    Checking defaults for T1/cmr/m/n on input line 34.
LaTeX Font Info:    ... okay on input line 34.
LaTeX Font Info:    Checking defaults for TS1/cmr/m/n on input line 34.
LaTeX Font Info:    ... okay on input line 34.
LaTeX Font Info:    Checking defaults for OMX/cmex/m/n on input line 34.
LaTeX Font Info:    ... okay on input line 34.
LaTeX Font Info:    Checking defaults for U/cmr/m/n on input line 34.
LaTeX Font Info:    ... okay on input line 34.
LaTeX Font Info:    Checking defaults for PD1/pdf/m/n on input line 34.
LaTeX Font Info:    ... okay on input line 34.
LaTeX Font Info:    Trying to load font information for OT1+lmr on input line 3
4.

("C:\Users\Colin\AppData\Local\Programs\MiKTeX 2.9\tex/latex/lm\ot1lmr.fd"
File: ot1lmr.fd 2009/10/30 v1.6 Font defs for Latin Modern
)
*geometry* driver: auto-detecting
*geometry* detected driver: pdftex
*geometry* verbose mode - [ preamble ] result:
* driver: pdftex
* paper: letterpaper
* layout: <same size as paper>
* layoutoffset:(h,v)=(0.0pt,0.0pt)
* modes: twoside 
* h-part:(L,W,R)=(92.47145pt, 457.80486pt, 64.01869pt)
* v-part:(T,H,B)=(49.79231pt, 695.38536pt, 49.79231pt)
* \paperwidth=614.295pt
* \paperheight=794.96999pt
* \textwidth=457.80486pt
* \textheight=695.38536pt
* \oddsidemargin=20.20146pt
* \evensidemargin=-8.2513pt
* \topmargin=-54.35147pt
* \headheight=17.0pt
* \headsep=19.8738pt
* \topskip=12.0pt
* \footskip=30.0pt
* \marginparwidth=170.71652pt
* \marginparsep=23.49976pt
* \columnsep=10.0pt
* \skip\footins=22.8pt plus 4.0pt minus 2.0pt
* \hoffset=0.0pt
* \voffset=0.0pt
* \mag=1000
* \@twocolumnfalse
* \@twosidetrue
* \@mparswitchtrue
* \@reversemargintrue
* (1in=72.27pt=25.4mm, 1cm=28.453pt)

ABD: EveryShipout initializing macros
("C:\Users\Colin\AppData\Local\Programs\MiKTeX 2.9\tex/context/base/mkii\supp-p
df.mkii"
[Loading MPS to PDF converter (version 2006.09.02).]
\scratchcounter=\count371
\scratchdimen=\dimen337
\scratchbox=\box129
\nofMPsegments=\count372
\nofMParguments=\count373
\everyMPshowfont=\toks57
\MPscratchCnt=\count374
\MPscratchDim=\dimen338
\MPnumerator=\count375
\makeMPintoPDFobject=\count376
\everyMPtoPDFconversion=\toks58
)
("C:\Users\Colin\AppData\Local\Programs\MiKTeX 2.9\tex/latex/epstopdf-pkg\epsto
pdf-base.sty"
Package: epstopdf-base 2020-01-24 v2.11 Base part for package epstopdf
Package epstopdf-base Info: Redefining graphics rule for `.eps' on input line 4
85.
)
\c@lstlisting=\count377

("C:\Users\Colin\AppData\Local\Programs\MiKTeX 2.9\tex/latex/base\inputenc.sty"
Package: inputenc 2018/08/11 v1.3c Input encoding file
\inpenc@prehook=\toks59
\inpenc@posthook=\toks60
)
\AtBeginShipoutBox=\box130
Package hyperref Info: Link coloring OFF on input line 34.

("C:\Users\Colin\AppData\Local\Programs\MiKTeX 2.9\tex/latex/hyperref\nameref.s
ty"
Package: nameref 2019/09/16 v2.46 Cross-referencing by name of section

("C:\Users\Colin\AppData\Local\Programs\MiKTeX 2.9\tex/latex/refcount\refcount.
sty"
Package: refcount 2019/12/15 v3.6 Data extraction from label references (HO)
)
("C:\Users\Colin\AppData\Local\Programs\MiKTeX 2.9\tex/generic/gettitlestring\g
ettitlestring.sty"
Package: gettitlestring 2019/12/15 v1.6 Cleanup title references (HO)
)
\c@section@level=\count378
)
LaTeX Info: Redefining \ref on input line 34.
LaTeX Info: Redefining \pageref on input line 34.
LaTeX Info: Redefining \nameref on input line 34.
 (main.out) (main.out)
\@outlinefile=\write8
\openout8 = `main.out'.


Package pgfplots notification 'compat/show suggested version=true': you might b
enefit from \pgfplotsset{compat=1.16} (current compat level: 1.15).

Package caption Info: Begin \AtBeginDocument code.
Package caption Info: longtable package is loaded.

("C:\Users\Colin\AppData\Local\Programs\MiKTeX 2.9\tex/latex/caption\ltcaption.
sty"
Package: ltcaption 2018/08/26 v1.4a longtable captions (AR)
)
Package caption Info: End \AtBeginDocument code.
 (Frontmatter/title.tex

LaTeX Font Warning: Font shape `OT1/lmr/m/scit' undefined
(Font)              using `OT1/lmr/m/scsl' instead on input line 53.

<Frontmatter/ram_logo.jpg, id=398, 578.16pt x 578.16pt>
File: Frontmatter/ram_logo.jpg Graphic file (type jpg)
<use Frontmatter/ram_logo.jpg>
Package pdftex.def Info: Frontmatter/ram_logo.jpg  used on input line 64.
(pdftex.def)             Requested size: 366.24527pt x 366.24532pt.
[1



{C:/Users/Colin/AppData/Local/MiKTeX/2.9/pdftex/config/pdftex.map} <./Frontmatt
er/ram_logo.jpg>]
LaTeX Font Info:    Trying to load font information for OT1+lmss on input line 
73.

("C:\Users\Colin\AppData\Local\Programs\MiKTeX 2.9\tex/latex/lm\ot1lmss.fd"
File: ot1lmss.fd 2009/10/30 v1.6 Font defs for Latin Modern
)

LaTeX Font Warning: Font shape `OT1/lmr/bx/sc' undefined
(Font)              using `OT1/lmr/bx/n' instead on input line 73.

LaTeX Font Info:    Trying to load font information for OML+lmm on input line 7
3.
("C:\Users\Colin\AppData\Local\Programs\MiKTeX 2.9\tex/latex/lm\omllmm.fd"
File: omllmm.fd 2009/10/30 v1.6 Font defs for Latin Modern
)
LaTeX Font Info:    Trying to load font information for OMS+lmsy on input line 
73.

("C:\Users\Colin\AppData\Local\Programs\MiKTeX 2.9\tex/latex/lm\omslmsy.fd"
File: omslmsy.fd 2009/10/30 v1.6 Font defs for Latin Modern
)
LaTeX Font Info:    Trying to load font information for OMX+lmex on input line 
73.

("C:\Users\Colin\AppData\Local\Programs\MiKTeX 2.9\tex/latex/lm\omxlmex.fd"
File: omxlmex.fd 2009/10/30 v1.6 Font defs for Latin Modern
)
LaTeX Font Info:    External font `lmex10' loaded for size
(Font)              <12> on input line 73.
LaTeX Font Info:    External font `lmex10' loaded for size
(Font)              <8> on input line 73.
LaTeX Font Info:    External font `lmex10' loaded for size
(Font)              <6> on input line 73.
LaTeX Font Info:    Trying to load font information for U+rsfs on input line 73
.

("C:\Users\Colin\AppData\Local\Programs\MiKTeX 2.9\tex/latex/jknappen\ursfs.fd"
File: ursfs.fd 1998/03/24 rsfs font definition file (jk)
)
LaTeX Font Info:    Trying to load font information for U+msa on input line 73.

 ("C:\Users\Colin\AppData\Local\Programs\MiKTeX 2.9\tex/latex/amsfonts\umsa.fd"
File: umsa.fd 2013/01/14 v3.01 AMS symbols A
)
LaTeX Font Info:    Trying to load font information for U+msb on input line 73.

 ("C:\Users\Colin\AppData\Local\Programs\MiKTeX 2.9\tex/latex/amsfonts\umsb.fd"
File: umsb.fd 2013/01/14 v3.01 AMS symbols B
)
LaTeX Font Info:    Trying to load font information for U+wasy on input line 73
.

("C:\Users\Colin\AppData\Local\Programs\MiKTeX 2.9\tex/latex/wasysym\uwasy.fd"
File: uwasy.fd 2020/01/19 v2.4 Wasy-2 symbol font definitions
) [2])
LaTeX Font Info:    External font `lmex10' loaded for size
(Font)              <24.88> on input line 53.
LaTeX Font Info:    External font `lmex10' loaded for size
(Font)              <20.74> on input line 53.
LaTeX Font Info:    External font `lmex10' loaded for size
(Font)              <17.28> on input line 53.
 (main.toc [3


] [4])
\tf@toc=\write9
\openout9 = `main.toc'.

 [5] [6

] [1

]
Chapter 1.
(Chapters_Part_5/complex_functions_transformations.tex [2

]
Underfull \vbox (badness 1028) has occurred while \output is active []

 [3]
<Figures_Part_5/complex_function_visual.png, id=540, 1124.2pt x 843.15pt>
File: Figures_Part_5/complex_function_visual.png Graphic file (type png)
<use Figures_Part_5/complex_function_visual.png>
Package pdftex.def Info: Figures_Part_5/complex_function_visual.png  used on in
put line 84.
(pdftex.def)             Requested size: 426.50691pt x 319.87285pt.

Underfull \vbox (badness 10000) has occurred while \output is active []

 [4]
[5]
Underfull \vbox (badness 3746) has occurred while \output is active []

 [6 <./Figures_Part_5/complex_function_visual.png (PNG copy)>] [7]
Overfull \hbox (47.29991pt too wide) detected at line 200
[]
 []

<Figures_Part_5/psi_1.png, id=566, 1204.5pt x 803.0pt>
File: Figures_Part_5/psi_1.png Graphic file (type png)
<use Figures_Part_5/psi_1.png>
Package pdftex.def Info: Figures_Part_5/psi_1.png  used on input line 208.
(pdftex.def)             Requested size: 167.1932pt x 111.45126pt.
LaTeX Font Info:    External font `lmex10' loaded for size
(Font)              <10.95> on input line 209.
<Figures_Part_5/psi_2.png, id=568, 1204.5pt x 803.0pt>
File: Figures_Part_5/psi_2.png Graphic file (type png)
<use Figures_Part_5/psi_2.png>
Package pdftex.def Info: Figures_Part_5/psi_2.png  used on input line 214.
(pdftex.def)             Requested size: 167.1932pt x 111.45126pt.
<Figures_Part_5/Psi.png, id=569, 1204.5pt x 803.0pt>
File: Figures_Part_5/Psi.png Graphic file (type png)
<use Figures_Part_5/Psi.png>
Package pdftex.def Info: Figures_Part_5/Psi.png  used on input line 220.
(pdftex.def)             Requested size: 167.1932pt x 111.45126pt.
<Figures_Part_5/prob_Psi.png, id=570, 1204.5pt x 803.0pt>
File: Figures_Part_5/prob_Psi.png Graphic file (type png)
<use Figures_Part_5/prob_Psi.png>
Package pdftex.def Info: Figures_Part_5/prob_Psi.png  used on input line 226.
(pdftex.def)             Requested size: 167.1932pt x 111.45126pt.
<Figures_Part_5/prob_Psi_pi4.png, id=571, 1204.5pt x 803.0pt>
File: Figures_Part_5/prob_Psi_pi4.png Graphic file (type png)
<use Figures_Part_5/prob_Psi_pi4.png>
Package pdftex.def Info: Figures_Part_5/prob_Psi_pi4.png  used on input line 25
3.
(pdftex.def)             Requested size: 167.1932pt x 111.45126pt.
<Figures_Part_5/prob_Psi_pi2.png, id=572, 1204.5pt x 803.0pt>
File: Figures_Part_5/prob_Psi_pi2.png Graphic file (type png)
<use Figures_Part_5/prob_Psi_pi2.png>
Package pdftex.def Info: Figures_Part_5/prob_Psi_pi2.png  used on input line 25
9.
(pdftex.def)             Requested size: 167.1932pt x 111.45126pt.
<Figures_Part_5/prob_Psi_3pi4.png, id=573, 1204.5pt x 803.0pt>
File: Figures_Part_5/prob_Psi_3pi4.png Graphic file (type png)
<use Figures_Part_5/prob_Psi_3pi4.png>
Package pdftex.def Info: Figures_Part_5/prob_Psi_3pi4.png  used on input line 2
65.
(pdftex.def)             Requested size: 167.1932pt x 111.45126pt.
<Figures_Part_5/prob_Psi_pi.png, id=574, 1204.5pt x 803.0pt>
File: Figures_Part_5/prob_Psi_pi.png Graphic file (type png)
<use Figures_Part_5/prob_Psi_pi.png>
Package pdftex.def Info: Figures_Part_5/prob_Psi_pi.png  used on input line 271
.
(pdftex.def)             Requested size: 167.1932pt x 111.45126pt.
[8] [9] [10 <./Figures_Part_5/psi_1.png> <./Figures_Part_5/psi_2.png> <./Figure
s_Part_5/Psi.png> <./Figures_Part_5/prob_Psi.png>] [11] [12 <./Figures_Part_5/p
rob_Psi_pi4.png> <./Figures_Part_5/prob_Psi_pi2.png> <./Figures_Part_5/prob_Psi
_3pi4.png> <./Figures_Part_5/prob_Psi_pi.png>]) [13]
Chapter 2.
(Chapters_Part_5/hilbert_spaces.tex

LaTeX Font Warning: Font shape `U/wasy/b/n' in size <8> not available
(Font)              Font shape `U/wasy/m/n' tried instead on input line 2.


LaTeX Font Warning: Font shape `U/wasy/b/n' in size <6> not available
(Font)              Font shape `U/wasy/m/n' tried instead on input line 2.

[14

]
LaTeX Font Info:    Trying to load font information for TS1+lmr on input line 5
0.
 ("C:\Users\Colin\AppData\Local\Programs\MiKTeX 2.9\tex/latex/lm\ts1lmr.fd"
File: ts1lmr.fd 2009/10/30 v1.6 Font defs for Latin Modern
) [15] [16] [17] [18] [19] [20] [21] [22] [23]
LaTeX Font Info:    External font `lmex10' loaded for size
(Font)              <10> on input line 360.
LaTeX Font Info:    External font `lmex10' loaded for size
(Font)              <7> on input line 360.
LaTeX Font Info:    External font `lmex10' loaded for size
(Font)              <5> on input line 360.
 [24]
Overfull \hbox (47.30624pt too wide) detected at line 436
\OML/lmm/m/it/12 f\OT1/lmr/m/n/12 (\OML/lmm/m/it/12 x\OT1/lmr/m/n/12 ) = [] [] 
[] [] [] [] \OML/lmm/m/it/12 :
 []

<Figures_Part_5/triangle_n=1.png, id=682, 1204.5pt x 803.0pt>
File: Figures_Part_5/triangle_n=1.png Graphic file (type png)
<use Figures_Part_5/triangle_n=1.png>
Package pdftex.def Info: Figures_Part_5/triangle_n=1.png  used on input line 44
9.
(pdftex.def)             Requested size: 167.1932pt x 111.45126pt.
<Figures_Part_5/triangle_n=5.png, id=683, 1204.5pt x 803.0pt>
File: Figures_Part_5/triangle_n=5.png Graphic file (type png)
<use Figures_Part_5/triangle_n=5.png>
Package pdftex.def Info: Figures_Part_5/triangle_n=5.png  used on input line 45
5.
(pdftex.def)             Requested size: 167.1932pt x 111.45126pt.
<Figures_Part_5/triangle_n=20.png, id=684, 1204.5pt x 803.0pt>
File: Figures_Part_5/triangle_n=20.png Graphic file (type png)
<use Figures_Part_5/triangle_n=20.png>
Package pdftex.def Info: Figures_Part_5/triangle_n=20.png  used on input line 4
61.
(pdftex.def)             Requested size: 167.1932pt x 111.45126pt.
<Figures_Part_5/triangle_n=50.png, id=685, 1204.5pt x 803.0pt>
File: Figures_Part_5/triangle_n=50.png Graphic file (type png)
<use Figures_Part_5/triangle_n=50.png>
Package pdftex.def Info: Figures_Part_5/triangle_n=50.png  used on input line 4
67.
(pdftex.def)             Requested size: 167.1932pt x 111.45126pt.
[25] [26] [27] [28 <./Figures_Part_5/triangle_n=1.png> <./Figures_Part_5/triang
le_n=5.png> <./Figures_Part_5/triangle_n=20.png> <./Figures_Part_5/triangle_n=5
0.png>]) [29]
Chapter 3.
(Chapters_Part_5/linear_operators.tex [30

] [31] [32] [33] [34] [35]
Underfull \vbox (badness 5147) has occurred while \output is active []

 [36]
[37] [38] [39] [40]) [41]
Chapter 4.
(Chapters_Part_5/fourier_theory.tex [42

] [43]
Overfull \hbox (12.14969pt too wide) detected at line 87
[] \OT1/lmr/m/n/12 = 1\OML/lmm/m/it/12 ;  [] \OT1/lmr/m/n/12 = 1\OML/lmm/m/it/1
2 ;  [] \OT1/lmr/m/n/12 = 1
 []

<Figures_Part_5/N=0.png, id=801, 1204.5pt x 803.0pt>
File: Figures_Part_5/N=0.png Graphic file (type png)
<use Figures_Part_5/N=0.png>
Package pdftex.def Info: Figures_Part_5/N=0.png  used on input line 154.
(pdftex.def)             Requested size: 127.95337pt x 85.29158pt.
<Figures_Part_5/N=1.png, id=802, 1204.5pt x 803.0pt>
File: Figures_Part_5/N=1.png Graphic file (type png)
<use Figures_Part_5/N=1.png>
Package pdftex.def Info: Figures_Part_5/N=1.png  used on input line 159.
(pdftex.def)             Requested size: 127.95337pt x 85.29158pt.
<Figures_Part_5/N=3.png, id=803, 1204.5pt x 803.0pt>
File: Figures_Part_5/N=3.png Graphic file (type png)
<use Figures_Part_5/N=3.png>
Package pdftex.def Info: Figures_Part_5/N=3.png  used on input line 164.
(pdftex.def)             Requested size: 127.95337pt x 85.29158pt.
<Figures_Part_5/N=10.png, id=804, 1204.5pt x 803.0pt>
File: Figures_Part_5/N=10.png Graphic file (type png)
<use Figures_Part_5/N=10.png>
Package pdftex.def Info: Figures_Part_5/N=10.png  used on input line 169.
(pdftex.def)             Requested size: 127.95337pt x 85.29158pt.
<Figures_Part_5/N=50.png, id=805, 1204.5pt x 803.0pt>
File: Figures_Part_5/N=50.png Graphic file (type png)
<use Figures_Part_5/N=50.png>
Package pdftex.def Info: Figures_Part_5/N=50.png  used on input line 174.
(pdftex.def)             Requested size: 127.95337pt x 85.29158pt.
<Figures_Part_5/N=100.png, id=806, 1204.5pt x 803.0pt>
File: Figures_Part_5/N=100.png Graphic file (type png)
<use Figures_Part_5/N=100.png>
Package pdftex.def Info: Figures_Part_5/N=100.png  used on input line 179.
(pdftex.def)             Requested size: 127.95337pt x 85.29158pt.
[44]
Underfull \vbox (badness 10000) has occurred while \output is active []

 [45]
[46 <./Figures_Part_5/N=0.png> <./Figures_Part_5/N=1.png> <./Figures_Part_5/N=3
.png> <./Figures_Part_5/N=10.png> <./Figures_Part_5/N=50.png> <./Figures_Part_5
/N=100.png>] [47] [48] [49] [50]
Underfull \vbox (badness 10000) has occurred while \output is active []

 [51]

Package caption Warning: \label without proper reference on input line 376.
See the caption package documentation for explanation.


LaTeX Warning: Reference `tab:fourier_transform' on page 52 undefined on input 
line 405.

[52]
<Figures_Part_5/square_wave_force.png, id=863, 803.0pt x 803.0pt>
File: Figures_Part_5/square_wave_force.png Graphic file (type png)
<use Figures_Part_5/square_wave_force.png>
Package pdftex.def Info: Figures_Part_5/square_wave_force.png  used on input li
ne 456.
(pdftex.def)             Requested size: 213.25345pt x 213.24734pt.
<Figures_Part_5/square_wave_diffeq_solution.png, id=864, 803.0pt x 803.0pt>
File: Figures_Part_5/square_wave_diffeq_solution.png Graphic file (type png)
<use Figures_Part_5/square_wave_diffeq_solution.png>
Package pdftex.def Info: Figures_Part_5/square_wave_diffeq_solution.png  used o
n input line 496.
(pdftex.def)             Requested size: 213.25345pt x 213.24734pt.
 [53] [54 <./Figures_Part_5/square_wave_force.png>]
Underfull \vbox (badness 6927) has occurred while \output is active []

 [55 <./Figures_Part_5/square_wave_diffeq_solution.png>] [56]) [57] [58

]
Chapter 5.
(Chapters_Part_6/curves_fields.tex [59

]
<Figures_Part_6/straight_line_curve.pdf, id=909, 1011.78pt x 614.295pt>
File: Figures_Part_6/straight_line_curve.pdf Graphic file (type pdf)
<use Figures_Part_6/straight_line_curve.pdf>
Package pdftex.def Info: Figures_Part_6/straight_line_curve.pdf  used on input 
line 72.
(pdftex.def)             Requested size: 383.8536pt x 233.05959pt.
 [60] [61 <./Figures_Part_6/straight_line_curve.pdf>]
<Figures_Part_6/quadratic_curve.png, id=933, 803.0pt x 803.0pt>
File: Figures_Part_6/quadratic_curve.png Graphic file (type png)
<use Figures_Part_6/quadratic_curve.png>
Package pdftex.def Info: Figures_Part_6/quadratic_curve.png  used on input line
 109.
(pdftex.def)             Requested size: 170.60016pt x 170.59541pt.
 [62 <./Figures_Part_6/quadratic_curve.png>]
<Figures_Part_6/circ_tang_1.png, id=941, 803.0pt x 803.0pt>
File: Figures_Part_6/circ_tang_1.png Graphic file (type png)
<use Figures_Part_6/circ_tang_1.png>
Package pdftex.def Info: Figures_Part_6/circ_tang_1.png  used on input line 134
.
(pdftex.def)             Requested size: 191.9268pt x 191.9275pt.
<Figures_Part_6/circ_tang_2.png, id=942, 803.0pt x 803.0pt>
File: Figures_Part_6/circ_tang_2.png Graphic file (type png)
<use Figures_Part_6/circ_tang_2.png>
Package pdftex.def Info: Figures_Part_6/circ_tang_2.png  used on input line 139
.
(pdftex.def)             Requested size: 191.9268pt x 191.9275pt.
<Figures_Part_6/circ_tang_3.png, id=943, 803.0pt x 803.0pt>
File: Figures_Part_6/circ_tang_3.png Graphic file (type png)
<use Figures_Part_6/circ_tang_3.png>
Package pdftex.def Info: Figures_Part_6/circ_tang_3.png  used on input line 144
.
(pdftex.def)             Requested size: 191.9268pt x 191.9275pt.
<Figures_Part_6/circ_tang_4.png, id=944, 803.0pt x 803.0pt>
File: Figures_Part_6/circ_tang_4.png Graphic file (type png)
<use Figures_Part_6/circ_tang_4.png>
Package pdftex.def Info: Figures_Part_6/circ_tang_4.png  used on input line 149
.
(pdftex.def)             Requested size: 191.9268pt x 191.9275pt.
 [63 <./Figures_Part_6/circ_tang_1.png> <./Figures_Part_6/circ_tang_2.png> <./F
igures_Part_6/circ_tang_3.png> <./Figures_Part_6/circ_tang_4.png>] [64]
File: Figures_Part_6/quadratic_curve.png Graphic file (type png)
<use Figures_Part_6/quadratic_curve.png>
Package pdftex.def Info: Figures_Part_6/quadratic_curve.png  used on input line
 217.
(pdftex.def)             Requested size: 213.25345pt x 213.24734pt.
 [65]
<Figures_Part_6/paraboloid.png, id=967, 445.665pt x 494.84875pt>
File: Figures_Part_6/paraboloid.png Graphic file (type png)
<use Figures_Part_6/paraboloid.png>
Package pdftex.def Info: Figures_Part_6/paraboloid.png  used on input line 242.

(pdftex.def)             Requested size: 170.60016pt x 189.42627pt.
<Figures_Part_6/parabolic_level_curves.png, id=968, 557.08125pt x 557.08125pt>
File: Figures_Part_6/parabolic_level_curves.png Graphic file (type png)
<use Figures_Part_6/parabolic_level_curves.png>
Package pdftex.def Info: Figures_Part_6/parabolic_level_curves.png  used on inp
ut line 284.
(pdftex.def)             Requested size: 170.60016pt x 170.59381pt.
 [66 <./Figures_Part_6/paraboloid.png (PNG copy)>]
Underfull \vbox (badness 10000) has occurred while \output is active []

 [67 <./Figures_Part_6/parabolic_level_curves.png>] [68]
Underfull \hbox (badness 10000) in paragraph at lines 363--364

 []

[69]
<Figures_Part_6/level_curves_gradient.png, id=1006, 750.55406pt x 685.05937pt>
File: Figures_Part_6/level_curves_gradient.png Graphic file (type png)
<use Figures_Part_6/level_curves_gradient.png>
Package pdftex.def Info: Figures_Part_6/level_curves_gradient.png  used on inpu
t line 423.
(pdftex.def)             Requested size: 191.9268pt x 175.17389pt.
<Figures_Part_6/level_curves_gradient_vectors.png, id=1007, 849.92531pt x 758.0
8218pt>
File: Figures_Part_6/level_curves_gradient_vectors.png Graphic file (type png)
<use Figures_Part_6/level_curves_gradient_vectors.png>
Package pdftex.def Info: Figures_Part_6/level_curves_gradient_vectors.png  used
 on input line 428.
(pdftex.def)             Requested size: 191.9268pt x 171.18576pt.
 [70 <./Figures_Part_6/level_curves_gradient.png> <./Figures_Part_6/level_curve
s_gradient_vectors.png>] [71] [72] (Figures_Part_6/surface_graph.pdf_tex
<Figures_Part_6/surface_graph.pdf, id=1030, page=1, 518.93501pt x 459.41158pt>
File: Figures_Part_6/surface_graph.pdf Graphic file (type pdf)
<use Figures_Part_6/surface_graph.pdf, page 1>
Package pdftex.def Info: Figures_Part_6/surface_graph.pdf , page1 used on input
 line 52.
(pdftex.def)             Requested size: 343.35364pt x 303.98367pt.
<Figures_Part_6/surface_graph.pdf, id=1031, page=2, 518.93501pt x 459.41158pt>
File: Figures_Part_6/surface_graph.pdf Graphic file (type pdf)
<use Figures_Part_6/surface_graph.pdf, page 2>
Package pdftex.def Info: Figures_Part_6/surface_graph.pdf , page2 used on input
 line 56.
(pdftex.def)             Requested size: 343.35364pt x 303.98367pt.
<Figures_Part_6/surface_graph.pdf, id=1032, page=3, 518.93501pt x 459.41158pt>
File: Figures_Part_6/surface_graph.pdf Graphic file (type pdf)
<use Figures_Part_6/surface_graph.pdf, page 3>
Package pdftex.def Info: Figures_Part_6/surface_graph.pdf , page3 used on input
 line 59.
(pdftex.def)             Requested size: 343.35364pt x 303.98367pt.
)
[73 <./Figures_Part_6/surface_graph.pdf> <./Figures_Part_6/surface_graph.pdf

pdfTeX warning: pdflatex.exe (file ./Figures_Part_6/surface_graph.pdf): PDF inc
lusion: multiple pdfs with page group included in a single page
> <./Figures_Part_6/surface_graph.pdf

pdfTeX warning: pdflatex.exe (file ./Figures_Part_6/surface_graph.pdf): PDF inc
lusion: multiple pdfs with page group included in a single page
>] [74]
Underfull \vbox (badness 10000) has occurred while \output is active []

 [75]
Underfull \vbox (badness 10000) has occurred while \output is active []

 [76]
<Figures_Part_6/Line_integral_of_scalar_field.jpg, id=1071, 803.0pt x 602.25pt>

File: Figures_Part_6/Line_integral_of_scalar_field.jpg Graphic file (type jpg)
<use Figures_Part_6/Line_integral_of_scalar_field.jpg>
Package pdftex.def Info: Figures_Part_6/Line_integral_of_scalar_field.jpg  used
 on input line 789.
(pdftex.def)             Requested size: 228.90242pt x 171.6706pt.

[77 <./Figures_Part_6/Line_integral_of_scalar_field.jpg>]) [78]
Chapter 6.
(Chapters_Part_6/vector_fields.tex
<Figures_Part_6/wind_field.png, id=1085, 501.875pt x 501.875pt>
File: Figures_Part_6/wind_field.png Graphic file (type png)
<use Figures_Part_6/wind_field.png>
Package pdftex.def Info: Figures_Part_6/wind_field.png  used on input line 21.
(pdftex.def)             Requested size: 255.90674pt x 255.9069pt.
 [79

]
<Figures_Part_6/v_field_1.png, id=1092, 501.875pt x 501.875pt>
File: Figures_Part_6/v_field_1.png Graphic file (type png)
<use Figures_Part_6/v_field_1.png>
Package pdftex.def Info: Figures_Part_6/v_field_1.png  used on input line 33.
(pdftex.def)             Requested size: 255.90674pt x 255.9069pt.
<Figures_Part_6/v_field_3.png, id=1093, 501.875pt x 501.875pt>
File: Figures_Part_6/v_field_3.png Graphic file (type png)
<use Figures_Part_6/v_field_3.png>
Package pdftex.def Info: Figures_Part_6/v_field_3.png  used on input line 45.
(pdftex.def)             Requested size: 255.90674pt x 255.9069pt.

Underfull \vbox (badness 10000) has occurred while \output is active []

 [80 <./Figures_Part_6/wind_field.png> <./Figures_Part_6/v_field_1.png>] [81 <.
/Figures_Part_6/v_field_3.png>]
<Figures_Part_6/vec_v.png, id=1110, 501.875pt x 501.875pt>
File: Figures_Part_6/vec_v.png Graphic file (type png)
<use Figures_Part_6/vec_v.png>
Package pdftex.def Info: Figures_Part_6/vec_v.png  used on input line 96.
(pdftex.def)             Requested size: 191.9268pt x 191.9321pt.
<Figures_Part_6/vec_u.png, id=1111, 501.875pt x 501.875pt>
File: Figures_Part_6/vec_u.png Graphic file (type png)
<use Figures_Part_6/vec_u.png>
Package pdftex.def Info: Figures_Part_6/vec_u.png  used on input line 101.
(pdftex.def)             Requested size: 191.9268pt x 191.9321pt.
File: Figures_Part_6/v_field_1.png Graphic file (type png)
<use Figures_Part_6/v_field_1.png>
Package pdftex.def Info: Figures_Part_6/v_field_1.png  used on input line 108.
(pdftex.def)             Requested size: 191.9268pt x 191.9321pt.
 [82 <./Figures_Part_6/vec_v.png> <./Figures_Part_6/vec_u.png>] [83] [84] [85] 
[86]
<Figures_Part_6/divergence_field.png, id=1146, 847.66687pt x 714.41907pt>
File: Figures_Part_6/divergence_field.png Graphic file (type png)
<use Figures_Part_6/divergence_field.png>
Package pdftex.def Info: Figures_Part_6/divergence_field.png  used on input lin
e 257.
(pdftex.def)             Requested size: 255.90674pt x 215.67911pt.
 [87 <./Figures_Part_6/divergence_field.png>]
<Figures_Part_6/curl_field.png, id=1154, 1083.04625pt x 902.37125pt>
File: Figures_Part_6/curl_field.png Graphic file (type png)
<use Figures_Part_6/curl_field.png>
Package pdftex.def Info: Figures_Part_6/curl_field.png  used on input line 290.

(pdftex.def)             Requested size: 255.90674pt x 213.21387pt.
 [88 <./Figures_Part_6/curl_field.png>] [89] [90]
<Figures_Part_6/pos_laplace.png, id=1177, 1098.1025pt x 846.16125pt>
File: Figures_Part_6/pos_laplace.png Graphic file (type png)
<use Figures_Part_6/pos_laplace.png>
Package pdftex.def Info: Figures_Part_6/pos_laplace.png  used on input line 438
.
(pdftex.def)             Requested size: 191.9268pt x 147.88676pt.
<Figures_Part_6/0_laplace.png, id=1178, 1091.07625pt x 883.3pt>
File: Figures_Part_6/0_laplace.png Graphic file (type png)
<use Figures_Part_6/0_laplace.png>
Package pdftex.def Info: Figures_Part_6/0_laplace.png  used on input line 443.
(pdftex.def)             Requested size: 191.9268pt x 155.37502pt.
 [91] [92 <./Figures_Part_6/pos_laplace.png> <./Figures_Part_6/0_laplace.png>] 
[93] [94] [95] [96]
(Figures_Part_6/surface_normals.pdf_tex
<Figures_Part_6/surface_normals.pdf, id=1217, page=1, 293.33862pt x 166.52469pt
>
File: Figures_Part_6/surface_normals.pdf Graphic file (type pdf)
<use Figures_Part_6/surface_normals.pdf, page 1>
Package pdftex.def Info: Figures_Part_6/surface_normals.pdf , page1 used on inp
ut line 52.
(pdftex.def)             Requested size: 343.35364pt x 194.93219pt.
<Figures_Part_6/surface_normals.pdf, id=1218, page=2, 293.33862pt x 166.52469pt
>
File: Figures_Part_6/surface_normals.pdf Graphic file (type pdf)
<use Figures_Part_6/surface_normals.pdf, page 2>
Package pdftex.def Info: Figures_Part_6/surface_normals.pdf , page2 used on inp
ut line 54.
(pdftex.def)             Requested size: 343.35364pt x 194.93219pt.
<Figures_Part_6/surface_normals.pdf, id=1219, page=3, 293.33862pt x 166.52469pt
>
File: Figures_Part_6/surface_normals.pdf Graphic file (type pdf)
<use Figures_Part_6/surface_normals.pdf, page 3>
Package pdftex.def Info: Figures_Part_6/surface_normals.pdf , page3 used on inp
ut line 57.
(pdftex.def)             Requested size: 343.35364pt x 194.93219pt.
) (Figures_Part_6/surface_flux.pdf_tex
<Figures_Part_6/surface_flux.pdf, id=1220, page=1, 293.3386pt x 163.37088pt>
File: Figures_Part_6/surface_flux.pdf Graphic file (type pdf)
<use Figures_Part_6/surface_flux.pdf, page 1>
Package pdftex.def Info: Figures_Part_6/surface_flux.pdf , page1 used on input 
line 52.
(pdftex.def)             Requested size: 343.35364pt x 191.24036pt.
<Figures_Part_6/surface_flux.pdf, id=1221, page=2, 293.3386pt x 163.37088pt>
File: Figures_Part_6/surface_flux.pdf Graphic file (type pdf)
<use Figures_Part_6/surface_flux.pdf, page 2>
Package pdftex.def Info: Figures_Part_6/surface_flux.pdf , page2 used on input 
line 55.
(pdftex.def)             Requested size: 343.35364pt x 191.24036pt.
<Figures_Part_6/surface_flux.pdf, id=1222, page=3, 293.3386pt x 163.37088pt>
File: Figures_Part_6/surface_flux.pdf Graphic file (type pdf)
<use Figures_Part_6/surface_flux.pdf, page 3>
Package pdftex.def Info: Figures_Part_6/surface_flux.pdf , page3 used on input 
line 57.
(pdftex.def)             Requested size: 343.35364pt x 191.24036pt.
)
[97 <./Figures_Part_6/surface_normals.pdf> <./Figures_Part_6/surface_normals.pd
f

pdfTeX warning: pdflatex.exe (file ./Figures_Part_6/surface_normals.pdf): PDF i
nclusion: multiple pdfs with page group included in a single page
> <./Figures_Part_6/surface_normals.pdf

pdfTeX warning: pdflatex.exe (file ./Figures_Part_6/surface_normals.pdf): PDF i
nclusion: multiple pdfs with page group included in a single page
> <./Figures_Part_6/surface_flux.pdf

pdfTeX warning: pdflatex.exe (file ./Figures_Part_6/surface_flux.pdf): PDF incl
usion: multiple pdfs with page group included in a single page
> <./Figures_Part_6/surface_flux.pdf

pdfTeX warning: pdflatex.exe (file ./Figures_Part_6/surface_flux.pdf): PDF incl
usion: multiple pdfs with page group included in a single page
> <./Figures_Part_6/surface_flux.pdf

pdfTeX warning: pdflatex.exe (file ./Figures_Part_6/surface_flux.pdf): PDF incl
usion: multiple pdfs with page group included in a single page
>]
Underfull \vbox (badness 10000) has occurred while \output is active []

 [98]
[99] [100] [101]) [102]
Chapter 7.
(Chapters_Part_6/coordinate_systems_paramaterization.tex [103

]
<Figures_Part_6/Sphere.png, id=1291, 2127.95pt x 1471.4975pt>
File: Figures_Part_6/Sphere.png Graphic file (type png)
<use Figures_Part_6/Sphere.png>
Package pdftex.def Info: Figures_Part_6/Sphere.png  used on input line 60.
(pdftex.def)             Requested size: 341.20682pt x 235.93839pt.
 [104]
Underfull \vbox (badness 10000) has occurred while \output is active []

 [105 <./Figures_Part_6/Sphere.png>]
<Figures_Part_6/cone_surface.png, id=1304, 2127.95pt x 1373.13pt>
File: Figures_Part_6/cone_surface.png Graphic file (type png)
<use Figures_Part_6/cone_surface.png>
Package pdftex.def Info: Figures_Part_6/cone_surface.png  used on input line 12
2.
(pdftex.def)             Requested size: 341.20682pt x 220.16623pt.
<Figures_Part_6/hyperboloid_1_sheet.png, id=1305, 2127.95pt x 1373.13pt>
File: Figures_Part_6/hyperboloid_1_sheet.png Graphic file (type png)
<use Figures_Part_6/hyperboloid_1_sheet.png>
Package pdftex.def Info: Figures_Part_6/hyperboloid_1_sheet.png  used on input 
line 136.
(pdftex.def)             Requested size: 341.20682pt x 220.16623pt.
<Figures_Part_6/hyperboloid_2_sheet.png, id=1306, 2127.95pt x 1373.13pt>
File: Figures_Part_6/hyperboloid_2_sheet.png Graphic file (type png)
<use Figures_Part_6/hyperboloid_2_sheet.png>
Package pdftex.def Info: Figures_Part_6/hyperboloid_2_sheet.png  used on input 
line 147.
(pdftex.def)             Requested size: 341.20682pt x 220.16623pt.
 [106] [107 <./Figures_Part_6/cone_surface.png>]
<Figures_Part_6/torus.png, id=1319, 2778.38pt x 1471.4975pt>
File: Figures_Part_6/torus.png Graphic file (type png)
<use Figures_Part_6/torus.png>
Package pdftex.def Info: Figures_Part_6/torus.png  used on input line 161.
(pdftex.def)             Requested size: 341.20682pt x 180.70348pt.

Underfull \vbox (badness 10000) has occurred while \output is active []

 [108 <./Figures_Part_6/hyperboloid_1_sheet.png> <./Figures_Part_6/hyperboloid_
2_sheet.png>]
Underfull \vbox (badness 2103) has occurred while \output is active []

 [109 <./Figures_Part_6/torus.png>]
<Figures_Part_6/hemisphere.png, id=1336, 2127.95pt x 1471.4975pt>
File: Figures_Part_6/hemisphere.png Graphic file (type png)
<use Figures_Part_6/hemisphere.png>
Package pdftex.def Info: Figures_Part_6/hemisphere.png  used on input line 239.

(pdftex.def)             Requested size: 341.20682pt x 235.93839pt.
 [110] [111 <./Figures_Part_6/hemisphere.png>]
<Figures_Part_6/plane_n.png, id=1353, 359.3425pt x 299.1175pt>
File: Figures_Part_6/plane_n.png Graphic file (type png)
<use Figures_Part_6/plane_n.png>
Package pdftex.def Info: Figures_Part_6/plane_n.png  used on input line 278.
(pdftex.def)             Requested size: 170.60016pt x 142.00925pt.
 [112 <./Figures_Part_6/plane_n.png>]
<Figures_Part_6/tangent-planes-1.png, id=1362, 353.32pt x 292.09125pt>
File: Figures_Part_6/tangent-planes-1.png Graphic file (type png)
<use Figures_Part_6/tangent-planes-1.png>
Package pdftex.def Info: Figures_Part_6/tangent-planes-1.png  used on input lin
e 336.
(pdftex.def)             Requested size: 170.60016pt x 141.03564pt.
 [113]
Underfull \vbox (badness 10000) has occurred while \output is active []

 [114 <./Figures_Part_6/tangent-planes-1.png>] [115] [116] [117] [118] [119]
Chapter 8.
[120

] (Figures_Part_6/cylindrical_coordinates.pdf_tex
<Figures_Part_6/cylindrical_coordinates.pdf, id=1405, page=1, 289.413pt x 318.3
4558pt>
File: Figures_Part_6/cylindrical_coordinates.pdf Graphic file (type pdf)
<use Figures_Part_6/cylindrical_coordinates.pdf, page 1>
Package pdftex.def Info: Figures_Part_6/cylindrical_coordinates.pdf , page1 use
d on input line 52.
(pdftex.def)             Requested size: 274.6857pt x 302.1497pt.
<Figures_Part_6/cylindrical_coordinates.pdf, id=1406, page=2, 289.413pt x 318.3
4558pt>
File: Figures_Part_6/cylindrical_coordinates.pdf Graphic file (type pdf)
<use Figures_Part_6/cylindrical_coordinates.pdf, page 2>
Package pdftex.def Info: Figures_Part_6/cylindrical_coordinates.pdf , page2 use
d on input line 55.
(pdftex.def)             Requested size: 274.6857pt x 302.1497pt.
<Figures_Part_6/cylindrical_coordinates.pdf, id=1407, page=3, 289.413pt x 318.3
4558pt>
File: Figures_Part_6/cylindrical_coordinates.pdf Graphic file (type pdf)
<use Figures_Part_6/cylindrical_coordinates.pdf, page 3>
Package pdftex.def Info: Figures_Part_6/cylindrical_coordinates.pdf , page3 use
d on input line 61.
(pdftex.def)             Requested size: 274.6857pt x 302.1497pt.
<Figures_Part_6/cylindrical_coordinates.pdf, id=1408, page=4, 289.413pt x 318.3
4558pt>
File: Figures_Part_6/cylindrical_coordinates.pdf Graphic file (type pdf)
<use Figures_Part_6/cylindrical_coordinates.pdf, page 4>
Package pdftex.def Info: Figures_Part_6/cylindrical_coordinates.pdf , page4 use
d on input line 63.
(pdftex.def)             Requested size: 274.6857pt x 302.1497pt.
)

Package caption Warning: \label without proper reference on input line 609.
See the caption package documentation for explanation.


LaTeX Warning: Reference `fig:cylindrical_coordinates' on page 121 undefined on
 input line 616.

[121 <./Figures_Part_6/cylindrical_coordinates.pdf> <./Figures_Part_6/cylindric
al_coordinates.pdf

pdfTeX warning: pdflatex.exe (file ./Figures_Part_6/cylindrical_coordinates.pdf
): PDF inclusion: multiple pdfs with page group included in a single page
> <./Figures_Part_6/cylindrical_coordinates.pdf

pdfTeX warning: pdflatex.exe (file ./Figures_Part_6/cylindrical_coordinates.pdf
): PDF inclusion: multiple pdfs with page group included in a single page
> <./Figures_Part_6/cylindrical_coordinates.pdf

pdfTeX warning: pdflatex.exe (file ./Figures_Part_6/cylindrical_coordinates.pdf
): PDF inclusion: multiple pdfs with page group included in a single page
>] [122] [123] [124] [125] [126] [127] [128]
(Figures_Part_6/3d_spherical_coordinates.pdf_tex
<Figures_Part_6/3d_spherical_coordinates.pdf, id=1503, page=1, 427.41995pt x 45
1.29872pt>
File: Figures_Part_6/3d_spherical_coordinates.pdf Graphic file (type pdf)
<use Figures_Part_6/3d_spherical_coordinates.pdf, page 1>
Package pdftex.def Info: Figures_Part_6/3d_spherical_coordinates.pdf , page1 us
ed on input line 56.
(pdftex.def)             Requested size: 274.6857pt x 290.03528pt.
<Figures_Part_6/3d_spherical_coordinates.pdf, id=1504, page=2, 427.41995pt x 45
1.29872pt>
File: Figures_Part_6/3d_spherical_coordinates.pdf Graphic file (type pdf)
<use Figures_Part_6/3d_spherical_coordinates.pdf, page 2>
Package pdftex.def Info: Figures_Part_6/3d_spherical_coordinates.pdf , page2 us
ed on input line 58.
(pdftex.def)             Requested size: 274.6857pt x 290.03528pt.
<Figures_Part_6/3d_spherical_coordinates.pdf, id=1505, page=3, 427.41995pt x 45
1.29872pt>
File: Figures_Part_6/3d_spherical_coordinates.pdf Graphic file (type pdf)
<use Figures_Part_6/3d_spherical_coordinates.pdf, page 3>
Package pdftex.def Info: Figures_Part_6/3d_spherical_coordinates.pdf , page3 us
ed on input line 62.
(pdftex.def)             Requested size: 274.6857pt x 290.03528pt.
<Figures_Part_6/3d_spherical_coordinates.pdf, id=1506, page=4, 427.41995pt x 45
1.29872pt>
File: Figures_Part_6/3d_spherical_coordinates.pdf Graphic file (type pdf)
<use Figures_Part_6/3d_spherical_coordinates.pdf, page 4>
Package pdftex.def Info: Figures_Part_6/3d_spherical_coordinates.pdf , page4 us
ed on input line 66.
(pdftex.def)             Requested size: 274.6857pt x 290.03528pt.
) [129]) [130 <./Figures_Part_6/3d_spherical_coordinates.pdf> <./Figures_Part_6
/3d_spherical_coordinates.pdf

pdfTeX warning: pdflatex.exe (file ./Figures_Part_6/3d_spherical_coordinates.pd
f): PDF inclusion: multiple pdfs with page group included in a single page
> <./Figures_Part_6/3d_spherical_coordinates.pdf

pdfTeX warning: pdflatex.exe (file ./Figures_Part_6/3d_spherical_coordinates.pd
f): PDF inclusion: multiple pdfs with page group included in a single page
> <./Figures_Part_6/3d_spherical_coordinates.pdf

pdfTeX warning: pdflatex.exe (file ./Figures_Part_6/3d_spherical_coordinates.pd
f): PDF inclusion: multiple pdfs with page group included in a single page
>] [131

]
Chapter 9.
(Chapters_Part_7/modelling.tex
Underfull \vbox (badness 1173) has occurred while \output is active []

 [132

]
Underfull \vbox (badness 10000) has occurred while \output is active []

 [133]
Underfull \hbox (badness 10000) in paragraph at lines 88--90

 []

[134]
Underfull \hbox (badness 10000) in paragraph at lines 147--148

 []

(Figures_Part_7/heat_solution.pdf_tex
<Figures_Part_7/heat_solution.pdf, id=1550, page=1, 421.575pt x 316.18124pt>
File: Figures_Part_7/heat_solution.pdf Graphic file (type pdf)
<use Figures_Part_7/heat_solution.pdf, page 1>
Package pdftex.def Info: Figures_Part_7/heat_solution.pdf , page1 used on input
 line 56.
(pdftex.def)             Requested size: 319.88017pt x 239.91428pt.
<Figures_Part_7/heat_solution.pdf, id=1551, page=2, 421.575pt x 316.18124pt>
File: Figures_Part_7/heat_solution.pdf Graphic file (type pdf)
<use Figures_Part_7/heat_solution.pdf, page 2>
Package pdftex.def Info: Figures_Part_7/heat_solution.pdf , page2 used on input
 line 60.
(pdftex.def)             Requested size: 319.88017pt x 239.91428pt.
<Figures_Part_7/heat_solution.pdf, id=1552, page=3, 421.575pt x 316.18124pt>
File: Figures_Part_7/heat_solution.pdf Graphic file (type pdf)
<use Figures_Part_7/heat_solution.pdf, page 3>
Package pdftex.def Info: Figures_Part_7/heat_solution.pdf , page3 used on input
 line 67.
(pdftex.def)             Requested size: 319.88017pt x 239.91428pt.
<Figures_Part_7/heat_solution.pdf, id=1553, page=4, 421.575pt x 316.18124pt>
File: Figures_Part_7/heat_solution.pdf Graphic file (type pdf)
<use Figures_Part_7/heat_solution.pdf, page 4>
Package pdftex.def Info: Figures_Part_7/heat_solution.pdf , page4 used on input
 line 71.
(pdftex.def)             Requested size: 319.88017pt x 239.91428pt.
) [135]
Underfull \vbox (badness 10000) has occurred while \output is active []

 [136]
Underfull \hbox (badness 10000) in paragraph at lines 232--233

 []

[137 <./Figures_Part_7/heat_solution.pdf> <./Figures_Part_7/heat_solution.pdf

pdfTeX warning: pdflatex.exe (file ./Figures_Part_7/heat_solution.pdf): PDF inc
lusion: multiple pdfs with page group included in a single page
> <./Figures_Part_7/heat_solution.pdf

pdfTeX warning: pdflatex.exe (file ./Figures_Part_7/heat_solution.pdf): PDF inc
lusion: multiple pdfs with page group included in a single page
> <./Figures_Part_7/heat_solution.pdf

pdfTeX warning: pdflatex.exe (file ./Figures_Part_7/heat_solution.pdf): PDF inc
lusion: multiple pdfs with page group included in a single page
>]
Underfull \vbox (badness 10000) has occurred while \output is active []

 [138]
Underfull \vbox (badness 10000) has occurred while \output is active []

 [139]
Overfull \hbox (11.85211pt too wide) detected at line 318
\OML/lmm/m/it/12 u\OT1/lmr/m/n/12 (\OML/lmm/m/it/12 x; t\OT1/lmr/m/n/12 ) = \OM
L/lmm/m/it/12 C[] []\OT1/lmr/m/n/12 (\OML/lmm/m/it/12 x\OT1/lmr/m/n/12 ) [](\O
ML/lmm/m/it/12 t\OT1/lmr/m/n/12 ) + \OML/lmm/m/it/12 C[] []\OT1/lmr/m/n/12 (\O
ML/lmm/m/it/12 x\OT1/lmr/m/n/12 ) [](\OML/lmm/m/it/12 t\OT1/lmr/m/n/12 ) + \O
ML/lmm/m/it/12 C[] []\OT1/lmr/m/n/12 (\OML/lmm/m/it/12 x\OT1/lmr/m/n/12 ) [](\
OML/lmm/m/it/12 t\OT1/lmr/m/n/12 ) + \OML/lmm/m/it/12 C[] []\OT1/lmr/m/n/12 (\
OML/lmm/m/it/12 x\OT1/lmr/m/n/12 ) [](\OML/lmm/m/it/12 t\OT1/lmr/m/n/12 )\OML
/lmm/m/it/12 :
 []


Underfull \hbox (badness 10000) in paragraph at lines 325--326

 []

(Figures_Part_7/wave_solution.pdf_tex
<Figures_Part_7/wave_solution.pdf, id=1590, page=1, 421.575pt x 316.18124pt>
File: Figures_Part_7/wave_solution.pdf Graphic file (type pdf)
<use Figures_Part_7/wave_solution.pdf, page 1>
Package pdftex.def Info: Figures_Part_7/wave_solution.pdf , page1 used on input
 line 56.
(pdftex.def)             Requested size: 319.88017pt x 239.91428pt.
<Figures_Part_7/wave_solution.pdf, id=1591, page=2, 421.575pt x 316.18124pt>
File: Figures_Part_7/wave_solution.pdf Graphic file (type pdf)
<use Figures_Part_7/wave_solution.pdf, page 2>
Package pdftex.def Info: Figures_Part_7/wave_solution.pdf , page2 used on input
 line 60.
(pdftex.def)             Requested size: 319.88017pt x 239.91428pt.
<Figures_Part_7/wave_solution.pdf, id=1592, page=3, 421.575pt x 316.18124pt>
File: Figures_Part_7/wave_solution.pdf Graphic file (type pdf)
<use Figures_Part_7/wave_solution.pdf, page 3>
Package pdftex.def Info: Figures_Part_7/wave_solution.pdf , page3 used on input
 line 67.
(pdftex.def)             Requested size: 319.88017pt x 239.91428pt.
<Figures_Part_7/wave_solution.pdf, id=1593, page=4, 421.575pt x 316.18124pt>
File: Figures_Part_7/wave_solution.pdf Graphic file (type pdf)
<use Figures_Part_7/wave_solution.pdf, page 4>
Package pdftex.def Info: Figures_Part_7/wave_solution.pdf , page4 used on input
 line 72.
(pdftex.def)             Requested size: 319.88017pt x 239.91428pt.
) [140]) [141 <./Figures_Part_7/wave_solution.pdf> <./Figures_Part_7/wave_solut
ion.pdf

pdfTeX warning: pdflatex.exe (file ./Figures_Part_7/wave_solution.pdf): PDF inc
lusion: multiple pdfs with page group included in a single page
> <./Figures_Part_7/wave_solution.pdf

pdfTeX warning: pdflatex.exe (file ./Figures_Part_7/wave_solution.pdf): PDF inc
lusion: multiple pdfs with page group included in a single page
> <./Figures_Part_7/wave_solution.pdf

pdfTeX warning: pdflatex.exe (file ./Figures_Part_7/wave_solution.pdf): PDF inc
lusion: multiple pdfs with page group included in a single page
>]
Chapter 10.
(Chapters_Part_7/separation_of_variables.tex)
No file main.ind.
[142

]
Package atveryend Info: Empty hook `BeforeClearDocument' on input line 115.
Package atveryend Info: Empty hook `AfterLastShipout' on input line 115.
 (main.aux)
Package atveryend Info: Executing hook `AtVeryEndDocument' on input line 115.
Package atveryend Info: Executing hook `AtEndAfterFileList' on input line 115.
Package rerunfilecheck Info: File `main.out' has not changed.
(rerunfilecheck)             Checksum: 955F2521B6324FFB2BD89A1A2C06A10E;6322.


LaTeX Font Warning: Some font shapes were not available, defaults substituted.


LaTeX Warning: There were undefined references.

 ) 
Here is how much of TeX's memory you used:
 42521 strings out of 481556
 1007229 string characters out of 2913869
 1423873 words of memory out of 3000000
 56381 multiletter control sequences out of 15000+200000
 656927 words of font info for 129 fonts, out of 3000000 for 9000
 1141 hyphenation exceptions out of 8191
 77i,20n,123p,1043b,2655s stack positions out of 5000i,500n,10000p,200000b,50000s
pdfTeX warning (dest): name{Hfootnote.1} has been referenced but does not exi
st, replaced by a fixed one

{C:/Users/Colin/AppData/Local/Programs/MiKTeX 2.9/fonts/enc/dvips/lm/lm-rm.enc}
 <C:\Users\Colin\AppData\Local\MiKTeX\2.9\fonts/pk/ljfour/public/wasy/dpi720\wa
sy10.pk>{C:/Users/Colin/AppData/Local/Programs/MiKTeX 2.9/fonts/enc/dvips/lm/lm
-mathsy.enc}{C:/Users/Colin/AppData/Local/Programs/MiKTeX 2.9/fonts/enc/dvips/l
m/lm-mathit.enc}{C:/Users/Colin/AppData/Local/Programs/MiKTeX 2.9/fonts/enc/dvi
ps/lm/lm-ts1.enc}{C:/Users/Colin/AppData/Local/Programs/MiKTeX 2.9/fonts/enc/dv
ips/lm/lm-mathex.enc}{C:/Users/Colin/AppData/Local/Programs/MiKTeX 2.9/fonts/en
c/dvips/lm/lm-rmsc.enc}<C:/Users/Colin/AppData/Local/Programs/MiKTeX 2.9/fonts/
type1/public/lm/lmbsy10.pfb><C:/Users/Colin/AppData/Local/Programs/MiKTeX 2.9/f
onts/type1/public/lm/lmbx10.pfb><C:/Users/Colin/AppData/Local/Programs/MiKTeX 2
.9/fonts/type1/public/lm/lmbx12.pfb><C:/Users/Colin/AppData/Local/Programs/MiKT
eX 2.9/fonts/type1/public/lm/lmbxi10.pfb><C:/Users/Colin/AppData/Local/Programs
/MiKTeX 2.9/fonts/type1/public/lm/lmcsc10.pfb><C:/Users/Colin/AppData/Local/Pro
grams/MiKTeX 2.9/fonts/type1/public/lm/lmcsco10.pfb><C:/Users/Colin/AppData/Loc
al/Programs/MiKTeX 2.9/fonts/type1/public/lm/lmex10.pfb><C:/Users/Colin/AppData
/Local/Programs/MiKTeX 2.9/fonts/type1/public/lm/lmmi10.pfb><C:/Users/Colin/App
Data/Local/Programs/MiKTeX 2.9/fonts/type1/public/lm/lmmi12.pfb><C:/Users/Colin
/AppData/Local/Programs/MiKTeX 2.9/fonts/type1/public/lm/lmmi6.pfb><C:/Users/Co
lin/AppData/Local/Programs/MiKTeX 2.9/fonts/type1/public/lm/lmmi8.pfb><C:/Users
/Colin/AppData/Local/Programs/MiKTeX 2.9/fonts/type1/public/lm/lmmib10.pfb><C:/
Users/Colin/AppData/Local/Programs/MiKTeX 2.9/fonts/type1/public/lm/lmr10.pfb><
C:/Users/Colin/AppData/Local/Programs/MiKTeX 2.9/fonts/type1/public/lm/lmr12.pf
b><C:/Users/Colin/AppData/Local/Programs/MiKTeX 2.9/fonts/type1/public/lm/lmr17
.pfb><C:/Users/Colin/AppData/Local/Programs/MiKTeX 2.9/fonts/type1/public/lm/lm
r6.pfb><C:/Users/Colin/AppData/Local/Programs/MiKTeX 2.9/fonts/type1/public/lm/
lmr7.pfb><C:/Users/Colin/AppData/Local/Programs/MiKTeX 2.9/fonts/type1/public/l
m/lmr8.pfb><C:/Users/Colin/AppData/Local/Programs/MiKTeX 2.9/fonts/type1/public
/lm/lmri12.pfb><C:/Users/Colin/AppData/Local/Programs/MiKTeX 2.9/fonts/type1/pu
blic/lm/lmss12.pfb><C:/Users/Colin/AppData/Local/Programs/MiKTeX 2.9/fonts/type
1/public/lm/lmssbx10.pfb><C:/Users/Colin/AppData/Local/Programs/MiKTeX 2.9/font
s/type1/public/lm/lmsy10.pfb><C:/Users/Colin/AppData/Local/Programs/MiKTeX 2.9/
fonts/type1/public/lm/lmsy6.pfb><C:/Users/Colin/AppData/Local/Programs/MiKTeX 2
.9/fonts/type1/public/lm/lmsy8.pfb><C:/Users/Colin/AppData/Local/Programs/MiKTe
X 2.9/fonts/type1/public/amsfonts/symbols/msbm10.pfb>
Output written on main.pdf (148 pages, 4710076 bytes).
PDF statistics:
 1809 PDF objects out of 2073 (max. 8388607)
 487 named destinations out of 1000 (max. 500000)
 1244 words of extra memory for PDF output out of 10000 (max. 10000000)

