\BOOKMARK [0][-]{chapter.1}{Tutorials}{}% 1
\BOOKMARK [1][-]{section.1.1}{Wolfram Alpha}{chapter.1}% 2
\BOOKMARK [2][-]{subsection.1.1.1}{Solving Algebraic Expressions}{section.1.1}% 3
\BOOKMARK [2][-]{subsection.1.1.2}{Error Checking}{section.1.1}% 4
\BOOKMARK [1][-]{section.1.2}{Geogebra}{chapter.1}% 5
\BOOKMARK [1][-]{section.1.3}{CalcPlot3D}{chapter.1}% 6
\BOOKMARK [-1][-]{part.1}{I Linear Algebra}{}% 7
\BOOKMARK [0][-]{chapter.2}{Vectors}{part.1}% 8
\BOOKMARK [1][-]{section.2.1}{Vectors and Scalars}{chapter.2}% 9
\BOOKMARK [1][-]{section.2.2}{Vector Algebra}{chapter.2}% 10
\BOOKMARK [1][-]{section.2.3}{Vector Components}{chapter.2}% 11
\BOOKMARK [1][-]{section.2.4}{Vector Algebra with Components}{chapter.2}% 12
\BOOKMARK [1][-]{section.2.5}{Vector Spaces}{chapter.2}% 13
\BOOKMARK [1][-]{section.2.6}{The Dot Product}{chapter.2}% 14
\BOOKMARK [1][-]{section.2.7}{The Cross Product}{chapter.2}% 15
\BOOKMARK [0][-]{chapter.3}{Linear Transformations and Matrices}{part.1}% 16
\BOOKMARK [1][-]{section.3.1}{Linear Transformations}{chapter.3}% 17
\BOOKMARK [1][-]{section.3.2}{Matrices}{chapter.3}% 18
\BOOKMARK [1][-]{section.3.3}{Matrix Algebra}{chapter.3}% 19
\BOOKMARK [1][-]{section.3.4}{The Determinant}{chapter.3}% 20
\BOOKMARK [1][-]{section.3.5}{Systems of Linear Equations}{chapter.3}% 21
\BOOKMARK [1][-]{section.3.6}{Solving Linear Systems of Equations}{chapter.3}% 22
\BOOKMARK [1][-]{section.3.7}{The Inverse Matrix}{chapter.3}% 23
\BOOKMARK [1][-]{section.3.8}{The Eigen-Problem}{chapter.3}% 24
\BOOKMARK [-1][-]{part.2}{II Vector Calculus}{}% 25
\BOOKMARK [0][-]{chapter.4}{The Complex Numbers}{part.2}% 26
\BOOKMARK [1][-]{section.4.1}{Introduction to Complex Numbers}{chapter.4}% 27
\BOOKMARK [1][-]{section.4.2}{Complex Number Algebra}{chapter.4}% 28
\BOOKMARK [1][-]{section.4.3}{Geometry of complex numbers}{chapter.4}% 29
\BOOKMARK [1][-]{section.4.4}{Polar coordinates}{chapter.4}% 30
\BOOKMARK [1][-]{section.4.5}{Euler's formula and polar coordinate transformations}{chapter.4}% 31
\BOOKMARK [1][-]{section.4.6}{Multiplication of complex numbers}{chapter.4}% 32
\BOOKMARK [1][-]{section.4.7}{Complex functions}{chapter.4}% 33
\BOOKMARK [1][-]{section.4.8}{Contours}{chapter.4}% 34
\BOOKMARK [1][-]{section.4.9}{Derivatives of contours}{chapter.4}% 35
\BOOKMARK [1][-]{section.4.10}{Integration of contours}{chapter.4}% 36
\BOOKMARK [0][-]{chapter.5}{Multivariable Functions}{part.2}% 37
\BOOKMARK [1][-]{section.5.1}{Overview of multivariate functions}{chapter.5}% 38
\BOOKMARK [1][-]{section.5.2}{Curves in space}{chapter.5}% 39
\BOOKMARK [1][-]{section.5.3}{Scalar fields}{chapter.5}% 40
\BOOKMARK [1][-]{section.5.4}{Level surfaces}{chapter.5}% 41
\BOOKMARK [1][-]{section.5.5}{Vector Fields}{chapter.5}% 42
\BOOKMARK [0][-]{chapter.6}{Calculus with Multivariate Functions}{part.2}% 43
\BOOKMARK [1][-]{section.6.1}{Differentiation of fields}{chapter.6}% 44
\BOOKMARK [1][-]{section.6.2}{Functions of Fields}{chapter.6}% 45
\BOOKMARK [1][-]{section.6.3}{Line integrals of scalar fields}{chapter.6}% 46
\BOOKMARK [1][-]{section.6.4}{Line integrals of vector fields}{chapter.6}% 47
\BOOKMARK [1][-]{section.6.5}{Derivatives}{chapter.6}% 48
\BOOKMARK [1][-]{section.6.6}{Optimization}{chapter.6}% 49
\BOOKMARK [1][-]{section.6.7}{Approximation and the Tangent Space}{chapter.6}% 50
\BOOKMARK [0][-]{chapter.7}{Calculus with Vector Fields}{part.2}% 51
\BOOKMARK [1][-]{section.7.1}{The Jacobian of a Vector Field}{chapter.7}% 52
\BOOKMARK [1][-]{section.7.2}{Divergence and Curl}{chapter.7}% 53
\BOOKMARK [1][-]{section.7.3}{The Laplacian of a Scalar Field}{chapter.7}% 54
\BOOKMARK [0][-]{chapter.8}{Integration in Multiple Dimensions}{part.2}% 55
\BOOKMARK [1][-]{section.8.1}{Integration of Scalar Fields}{chapter.8}% 56
\BOOKMARK [1][-]{section.8.2}{Antiderivatives}{chapter.8}% 57
\BOOKMARK [-1][-]{part.3}{III Differential Equations}{}% 58
\BOOKMARK [0][-]{chapter.9}{Introduction to Differential Equations}{part.3}% 59
\BOOKMARK [1][-]{section.9.1}{Ordinary Differential Equations}{chapter.9}% 60
\BOOKMARK [1][-]{section.9.2}{Solutions to an ODE}{chapter.9}% 61
\BOOKMARK [1][-]{section.9.3}{Separable ODE}{chapter.9}% 62
\BOOKMARK [1][-]{section.9.4}{Particular Solutions}{chapter.9}% 63
\BOOKMARK [1][-]{section.9.5}{Projectile Motion}{chapter.9}% 64
\BOOKMARK [1][-]{section.9.6}{Exact Equations}{chapter.9}% 65
\BOOKMARK [0][-]{chapter.10}{Systems of ODE}{part.3}% 66
\BOOKMARK [1][-]{section.10.1}{Qualitative Analysis}{chapter.10}% 67
\BOOKMARK [1][-]{section.10.2}{Linearity}{chapter.10}% 68
\BOOKMARK [1][-]{section.10.3}{Higher Order ODE}{chapter.10}% 69
\BOOKMARK [1][-]{section.10.4}{Linear Systems}{chapter.10}% 70
\BOOKMARK [1][-]{section.10.5}{Linearization}{chapter.10}% 71
\BOOKMARK [1][-]{section.10.6}{General Solutions to Second Order Linear Equations}{chapter.10}% 72
\BOOKMARK [0][-]{chapter.11}{Partial Differential Equations}{part.3}% 73
\BOOKMARK [1][-]{section.11.1}{Examples of PDE}{chapter.11}% 74
\BOOKMARK [1][-]{section.11.2}{The Problem Statement}{chapter.11}% 75
\BOOKMARK [1][-]{section.11.3}{The Heat Equation}{chapter.11}% 76
\BOOKMARK [1][-]{section.11.4}{The Laplace Equation}{chapter.11}% 77
\BOOKMARK [1][-]{section.11.5}{The Wave Equation}{chapter.11}% 78
