\BOOKMARK [1][-]{section.1}{Introduction}{}% 1
\BOOKMARK [1][-]{section.2}{Preliminaries}{}% 2
\BOOKMARK [2][-]{subsection.2.1}{Clifford algebras}{section.2}% 3
\BOOKMARK [3][-]{subsubsection.2.1.1}{Duality and pseudoscalars}{subsection.2.1}% 4
\BOOKMARK [3][-]{subsubsection.2.1.2}{Reverse, inverses, and the Clifford and spin groups}{subsection.2.1}% 5
\BOOKMARK [3][-]{subsubsection.2.1.3}{Projection onto subspaces}{subsection.2.1}% 6
\BOOKMARK [2][-]{subsection.2.2}{Multivector fields}{section.2}% 7
\BOOKMARK [3][-]{subsubsection.2.2.1}{Directional derivative and gradient}{subsection.2.2}% 8
\BOOKMARK [2][-]{subsection.2.3}{Differential forms and integration}{section.2}% 9
\BOOKMARK [1][-]{section.3}{Algebras of multivector fields}{}% 10
\BOOKMARK [2][-]{subsection.3.1}{Banach algebras of Clifford fields}{section.3}% 11
\BOOKMARK [2][-]{subsection.3.2}{Axial monogenic fields}{section.3}% 12
\BOOKMARK [2][-]{subsection.3.3}{Spinor spectrum}{section.3}% 13
\BOOKMARK [1][-]{section.4}{Gelfand theory}{}% 14
\BOOKMARK [2][-]{subsection.4.1}{Topology from monogenics}{section.4}% 15
\BOOKMARK [3][-]{subsubsection.4.1.1}{Power series}{subsection.4.1}% 16
\BOOKMARK [3][-]{subsubsection.4.1.2}{Correspondence}{subsection.4.1}% 17
\BOOKMARK [1][-]{section.5}{Calder\363n problem}{}% 18
\BOOKMARK [2][-]{subsection.5.1}{Calderon problem in geometric calculus}{section.5}% 19
\BOOKMARK [1][-]{section.6}{Further questions}{}% 20
\BOOKMARK [2][-]{subsection.6.1}{Spin fibration}{section.6}% 21
\BOOKMARK [1][-]{section.7}{Tomography on convex regions}{}% 22
\BOOKMARK [1][-]{section.8}{Other}{}% 23
\BOOKMARK [2][-]{subsection.8.1}{Cauchy and Poisson integrals}{section.8}% 24
\BOOKMARK [2][-]{subsection.8.2}{Generating axial monogenics}{section.8}% 25
\BOOKMARK [1][-]{section.9}{Radon transform and integral geometry}{}% 26
\BOOKMARK [1][-]{section.10}{Relation to the BC Method}{}% 27
\BOOKMARK [1][-]{section.11}{Conclusion}{}% 28
\BOOKMARK [1][-]{appendix.A}{Appendix}{}% 29
