\BOOKMARK [0][-]{chapter.1}{Introduction}{}% 1
\BOOKMARK [1][-]{section.1.1}{Clifford and geometric algebras}{chapter.1}% 2
\BOOKMARK [2][-]{subsection.1.1.1}{Multivectors and grading}{section.1.1}% 3
\BOOKMARK [2][-]{subsection.1.1.2}{Multivector operations and the Clifford and spin groups}{section.1.1}% 4
\BOOKMARK [2][-]{subsection.1.1.3}{Pseudoscalars and duality}{section.1.1}% 5
\BOOKMARK [2][-]{subsection.1.1.4}{Blades and subspaces}{section.1.1}% 6
\BOOKMARK [2][-]{subsection.1.1.5}{Motivating example}{section.1.1}% 7
\BOOKMARK [1][-]{section.1.2}{Geometric manifolds}{chapter.1}% 8
\BOOKMARK [2][-]{subsection.1.2.1}{Multivector fields}{section.1.2}% 9
\BOOKMARK [2][-]{subsection.1.2.2}{Geometric calculus}{section.1.2}% 10
\BOOKMARK [2][-]{subsection.1.2.3}{Differential forms}{section.1.2}% 11
\BOOKMARK [2][-]{subsection.1.2.4}{Integration}{section.1.2}% 12
\BOOKMARK [2][-]{subsection.1.2.5}{Multivector valued integrals}{section.1.2}% 13
\BOOKMARK [2][-]{subsection.1.2.6}{Stokes' and Green's formula}{section.1.2}% 14
\BOOKMARK [2][-]{subsection.1.2.7}{Fundamental theorem of geometric calculus}{section.1.2}% 15
\BOOKMARK [1][-]{section.1.3}{Spaces of fields}{chapter.1}% 16
\BOOKMARK [2][-]{subsection.1.3.1}{Monogenic fields}{section.1.3}% 17
\BOOKMARK [2][-]{subsection.1.3.2}{Hodge-type decompositions}{section.1.3}% 18
\BOOKMARK [2][-]{subsection.1.3.3}{Integral transforms}{section.1.3}% 19
\BOOKMARK [0][-]{chapter.2}{Inverse problems}{}% 20
\BOOKMARK [1][-]{section.2.1}{Tomography}{chapter.2}% 21
\BOOKMARK [2][-]{subsection.2.1.1}{Forward problem}{section.2.1}% 22
\BOOKMARK [2][-]{subsection.2.1.2}{Multivector tomography}{section.2.1}% 23
\BOOKMARK [2][-]{subsection.2.1.3}{Recovery}{section.2.1}% 24
